                              1 ;--------------------------------------------------------
                              2 ; File Created by SDCC : free open source ANSI-C Compiler
                              3 ; Version 3.5.4 #9329 (CYGWIN)
                              4 ; This file was generated Fri Oct 23 12:36:25 2015
                              5 ;--------------------------------------------------------
                              6 	.module CancionRetro
                              7 	.optsdcc -mz80
                              8 	
                              9 ;--------------------------------------------------------
                             10 ; Public variables in this module
                             11 ;--------------------------------------------------------
                             12 	.globl _G_CancionRetro
                             13 ;--------------------------------------------------------
                             14 ; special function registers
                             15 ;--------------------------------------------------------
                             16 ;--------------------------------------------------------
                             17 ; ram data
                             18 ;--------------------------------------------------------
                             19 	.area _DATA
                             20 ;--------------------------------------------------------
                             21 ; ram data
                             22 ;--------------------------------------------------------
                             23 	.area _INITIALIZED
                             24 ;--------------------------------------------------------
                             25 ; absolute external ram data
                             26 ;--------------------------------------------------------
                             27 	.area _DABS (ABS)
                             28 ;--------------------------------------------------------
                             29 ; global & static initialisations
                             30 ;--------------------------------------------------------
                             31 	.area _HOME
                             32 	.area _GSINIT
                             33 	.area _GSFINAL
                             34 	.area _GSINIT
                             35 ;--------------------------------------------------------
                             36 ; Home
                             37 ;--------------------------------------------------------
                             38 	.area _HOME
                             39 	.area _HOME
                             40 ;--------------------------------------------------------
                             41 ; code
                             42 ;--------------------------------------------------------
                             43 	.area _CODE
                             44 	.area _CODE
   0000                      45 _G_CancionRetro:
   0000 41                   46 	.db #0x41	; 65	'A'
   0001 54                   47 	.db #0x54	; 84	'T'
   0002 31                   48 	.db #0x31	; 49	'1'
   0003 30                   49 	.db #0x30	; 48	'0'
   0004 01                   50 	.db #0x01	; 1
   0005 40                   51 	.db #0x40	; 64
   0006 42                   52 	.db #0x42	; 66	'B'
   0007 0F                   53 	.db #0x0F	; 15
   0008 02                   54 	.db #0x02	; 2
   0009 07                   55 	.db #0x07	; 7
   000A 21                   56 	.db #0x21	; 33
   000B 00                   57 	.db #0x00	; 0
   000C 10                   58 	.db #0x10	; 16
   000D 20                   59 	.db #0x20	; 32
   000E 19                   60 	.db #0x19	; 25
   000F 20                   61 	.db #0x20	; 32
   0010 00                   62 	.db #0x00	; 0
   0011 00                   63 	.db #0x00	; 0
   0012 00                   64 	.db #0x00	; 0
   0013 00                   65 	.db #0x00	; 0
   0014 00                   66 	.db #0x00	; 0
   0015 00                   67 	.db #0x00	; 0
   0016 0D                   68 	.db #0x0D	; 13
   0017 12                   69 	.db #0x12	; 18
   0018 20                   70 	.db #0x20	; 32
   0019 01                   71 	.db #0x01	; 1
   001A 00                   72 	.db #0x00	; 0
   001B 3C                   73 	.db #0x3C	; 60
   001C 38                   74 	.db #0x38	; 56	'8'
   001D 34                   75 	.db #0x34	; 52	'4'
   001E 30                   76 	.db #0x30	; 48	'0'
   001F 2C                   77 	.db #0x2C	; 44
   0020 28                   78 	.db #0x28	; 40
   0021 24                   79 	.db #0x24	; 36
   0022 20                   80 	.db #0x20	; 32
   0023 1C                   81 	.db #0x1C	; 28
   0024 18                   82 	.db #0x18	; 24
   0025 14                   83 	.db #0x14	; 20
   0026 10                   84 	.db #0x10	; 16
   0027 0C                   85 	.db #0x0C	; 12
   0028 08                   86 	.db #0x08	; 8
   0029 04                   87 	.db #0x04	; 4
   002A 0D                   88 	.db #0x0D	; 13
   002B 12                   89 	.db #0x12	; 18
   002C 20                   90 	.db #0x20	; 32
   002D 40                   91 	.db #0x40	; 64
   002E 00                   92 	.db #0x00	; 0
   002F 00                   93 	.db #0x00	; 0
   0030 00                   94 	.db #0x00	; 0
   0031 3D                   95 	.db #0x3D	; 61
   0032 20                   96 	.db #0x20	; 32
   0033 00                   97 	.db #0x00	; 0
   0034 3E                   98 	.db #0x3E	; 62
   0035 20                   99 	.db #0x20	; 32
   0036 82                  100 	.db #0x82	; 130
   0037 20                  101 	.db #0x20	; 32
   0038 C6                  102 	.db #0xC6	; 198
   0039 20                  103 	.db #0x20	; 32
   003A 01                  104 	.db #0x01	; 1
   003B 33                  105 	.db #0x33	; 51	'3'
   003C 20                  106 	.db #0x20	; 32
   003D 00                  107 	.db #0x00	; 0
   003E A6                  108 	.db #0xA6	; 166
   003F E3                  109 	.db #0xE3	; 227
   0040 00                  110 	.db #0x00	; 0
   0041 00                  111 	.db #0x00	; 0
   0042 01                  112 	.db #0x01	; 1
   0043 67                  113 	.db #0x67	; 103	'g'
   0044 67                  114 	.db #0x67	; 103	'g'
   0045 67                  115 	.db #0x67	; 103	'g'
   0046 67                  116 	.db #0x67	; 103	'g'
   0047 67                  117 	.db #0x67	; 103	'g'
   0048 67                  118 	.db #0x67	; 103	'g'
   0049 67                  119 	.db #0x67	; 103	'g'
   004A 67                  120 	.db #0x67	; 103	'g'
   004B 67                  121 	.db #0x67	; 103	'g'
   004C 67                  122 	.db #0x67	; 103	'g'
   004D 67                  123 	.db #0x67	; 103	'g'
   004E 67                  124 	.db #0x67	; 103	'g'
   004F 67                  125 	.db #0x67	; 103	'g'
   0050 67                  126 	.db #0x67	; 103	'g'
   0051 67                  127 	.db #0x67	; 103	'g'
   0052 6B                  128 	.db #0x6B	; 107	'k'
   0053 6B                  129 	.db #0x6B	; 107	'k'
   0054 6B                  130 	.db #0x6B	; 107	'k'
   0055 6B                  131 	.db #0x6B	; 107	'k'
   0056 6B                  132 	.db #0x6B	; 107	'k'
   0057 6B                  133 	.db #0x6B	; 107	'k'
   0058 6B                  134 	.db #0x6B	; 107	'k'
   0059 6B                  135 	.db #0x6B	; 107	'k'
   005A 6B                  136 	.db #0x6B	; 107	'k'
   005B 6B                  137 	.db #0x6B	; 107	'k'
   005C 6B                  138 	.db #0x6B	; 107	'k'
   005D 6B                  139 	.db #0x6B	; 107	'k'
   005E 6B                  140 	.db #0x6B	; 107	'k'
   005F 6B                  141 	.db #0x6B	; 107	'k'
   0060 6B                  142 	.db #0x6B	; 107	'k'
   0061 67                  143 	.db #0x67	; 103	'g'
   0062 67                  144 	.db #0x67	; 103	'g'
   0063 67                  145 	.db #0x67	; 103	'g'
   0064 67                  146 	.db #0x67	; 103	'g'
   0065 67                  147 	.db #0x67	; 103	'g'
   0066 67                  148 	.db #0x67	; 103	'g'
   0067 67                  149 	.db #0x67	; 103	'g'
   0068 67                  150 	.db #0x67	; 103	'g'
   0069 67                  151 	.db #0x67	; 103	'g'
   006A 67                  152 	.db #0x67	; 103	'g'
   006B 67                  153 	.db #0x67	; 103	'g'
   006C 67                  154 	.db #0x67	; 103	'g'
   006D 67                  155 	.db #0x67	; 103	'g'
   006E 67                  156 	.db #0x67	; 103	'g'
   006F 67                  157 	.db #0x67	; 103	'g'
   0070 67                  158 	.db #0x67	; 103	'g'
   0071 67                  159 	.db #0x67	; 103	'g'
   0072 6B                  160 	.db #0x6B	; 107	'k'
   0073 6B                  161 	.db #0x6B	; 107	'k'
   0074 6B                  162 	.db #0x6B	; 107	'k'
   0075 6B                  163 	.db #0x6B	; 107	'k'
   0076 6B                  164 	.db #0x6B	; 107	'k'
   0077 6B                  165 	.db #0x6B	; 107	'k'
   0078 6B                  166 	.db #0x6B	; 107	'k'
   0079 6B                  167 	.db #0x6B	; 107	'k'
   007A 6B                  168 	.db #0x6B	; 107	'k'
   007B 6B                  169 	.db #0x6B	; 107	'k'
   007C 67                  170 	.db #0x67	; 103	'g'
   007D 67                  171 	.db #0x67	; 103	'g'
   007E 6B                  172 	.db #0x6B	; 107	'k'
   007F 6B                  173 	.db #0x6B	; 107	'k'
   0080 6D                  174 	.db #0x6D	; 109	'm'
   0081 6D                  175 	.db #0x6D	; 109	'm'
   0082 A6                  176 	.db #0xA6	; 166
   0083 E0                  177 	.db #0xE0	; 224
   0084 00                  178 	.db #0x00	; 0
   0085 00                  179 	.db #0x00	; 0
   0086 01                  180 	.db #0x01	; 1
   0087 67                  181 	.db #0x67	; 103	'g'
   0088 67                  182 	.db #0x67	; 103	'g'
   0089 67                  183 	.db #0x67	; 103	'g'
   008A 67                  184 	.db #0x67	; 103	'g'
   008B 67                  185 	.db #0x67	; 103	'g'
   008C 67                  186 	.db #0x67	; 103	'g'
   008D 67                  187 	.db #0x67	; 103	'g'
   008E 67                  188 	.db #0x67	; 103	'g'
   008F 67                  189 	.db #0x67	; 103	'g'
   0090 67                  190 	.db #0x67	; 103	'g'
   0091 67                  191 	.db #0x67	; 103	'g'
   0092 67                  192 	.db #0x67	; 103	'g'
   0093 67                  193 	.db #0x67	; 103	'g'
   0094 67                  194 	.db #0x67	; 103	'g'
   0095 67                  195 	.db #0x67	; 103	'g'
   0096 6B                  196 	.db #0x6B	; 107	'k'
   0097 6B                  197 	.db #0x6B	; 107	'k'
   0098 6B                  198 	.db #0x6B	; 107	'k'
   0099 6B                  199 	.db #0x6B	; 107	'k'
   009A 6B                  200 	.db #0x6B	; 107	'k'
   009B 6B                  201 	.db #0x6B	; 107	'k'
   009C 6B                  202 	.db #0x6B	; 107	'k'
   009D 6B                  203 	.db #0x6B	; 107	'k'
   009E 6B                  204 	.db #0x6B	; 107	'k'
   009F 6B                  205 	.db #0x6B	; 107	'k'
   00A0 6B                  206 	.db #0x6B	; 107	'k'
   00A1 6B                  207 	.db #0x6B	; 107	'k'
   00A2 6B                  208 	.db #0x6B	; 107	'k'
   00A3 6B                  209 	.db #0x6B	; 107	'k'
   00A4 6B                  210 	.db #0x6B	; 107	'k'
   00A5 67                  211 	.db #0x67	; 103	'g'
   00A6 67                  212 	.db #0x67	; 103	'g'
   00A7 67                  213 	.db #0x67	; 103	'g'
   00A8 67                  214 	.db #0x67	; 103	'g'
   00A9 67                  215 	.db #0x67	; 103	'g'
   00AA 67                  216 	.db #0x67	; 103	'g'
   00AB 67                  217 	.db #0x67	; 103	'g'
   00AC 67                  218 	.db #0x67	; 103	'g'
   00AD 67                  219 	.db #0x67	; 103	'g'
   00AE 67                  220 	.db #0x67	; 103	'g'
   00AF 67                  221 	.db #0x67	; 103	'g'
   00B0 67                  222 	.db #0x67	; 103	'g'
   00B1 67                  223 	.db #0x67	; 103	'g'
   00B2 67                  224 	.db #0x67	; 103	'g'
   00B3 67                  225 	.db #0x67	; 103	'g'
   00B4 67                  226 	.db #0x67	; 103	'g'
   00B5 67                  227 	.db #0x67	; 103	'g'
   00B6 6B                  228 	.db #0x6B	; 107	'k'
   00B7 6B                  229 	.db #0x6B	; 107	'k'
   00B8 6B                  230 	.db #0x6B	; 107	'k'
   00B9 6B                  231 	.db #0x6B	; 107	'k'
   00BA 6B                  232 	.db #0x6B	; 107	'k'
   00BB 6B                  233 	.db #0x6B	; 107	'k'
   00BC 6B                  234 	.db #0x6B	; 107	'k'
   00BD 6B                  235 	.db #0x6B	; 107	'k'
   00BE 6B                  236 	.db #0x6B	; 107	'k'
   00BF 6B                  237 	.db #0x6B	; 107	'k'
   00C0 67                  238 	.db #0x67	; 103	'g'
   00C1 67                  239 	.db #0x67	; 103	'g'
   00C2 6B                  240 	.db #0x6B	; 107	'k'
   00C3 6B                  241 	.db #0x6B	; 107	'k'
   00C4 6D                  242 	.db #0x6D	; 109	'm'
   00C5 6D                  243 	.db #0x6D	; 109	'm'
   00C6 A6                  244 	.db #0xA6	; 166
   00C7 E0                  245 	.db #0xE0	; 224
   00C8 00                  246 	.db #0x00	; 0
   00C9 00                  247 	.db #0x00	; 0
   00CA 01                  248 	.db #0x01	; 1
   00CB 67                  249 	.db #0x67	; 103	'g'
   00CC 67                  250 	.db #0x67	; 103	'g'
   00CD 67                  251 	.db #0x67	; 103	'g'
   00CE 67                  252 	.db #0x67	; 103	'g'
   00CF 67                  253 	.db #0x67	; 103	'g'
   00D0 67                  254 	.db #0x67	; 103	'g'
   00D1 67                  255 	.db #0x67	; 103	'g'
   00D2 67                  256 	.db #0x67	; 103	'g'
   00D3 67                  257 	.db #0x67	; 103	'g'
   00D4 67                  258 	.db #0x67	; 103	'g'
   00D5 67                  259 	.db #0x67	; 103	'g'
   00D6 67                  260 	.db #0x67	; 103	'g'
   00D7 67                  261 	.db #0x67	; 103	'g'
   00D8 67                  262 	.db #0x67	; 103	'g'
   00D9 67                  263 	.db #0x67	; 103	'g'
   00DA 6B                  264 	.db #0x6B	; 107	'k'
   00DB 6B                  265 	.db #0x6B	; 107	'k'
   00DC 6B                  266 	.db #0x6B	; 107	'k'
   00DD 6B                  267 	.db #0x6B	; 107	'k'
   00DE 6B                  268 	.db #0x6B	; 107	'k'
   00DF 6B                  269 	.db #0x6B	; 107	'k'
   00E0 6B                  270 	.db #0x6B	; 107	'k'
   00E1 6B                  271 	.db #0x6B	; 107	'k'
   00E2 6B                  272 	.db #0x6B	; 107	'k'
   00E3 6B                  273 	.db #0x6B	; 107	'k'
   00E4 6B                  274 	.db #0x6B	; 107	'k'
   00E5 6B                  275 	.db #0x6B	; 107	'k'
   00E6 6B                  276 	.db #0x6B	; 107	'k'
   00E7 6B                  277 	.db #0x6B	; 107	'k'
   00E8 6B                  278 	.db #0x6B	; 107	'k'
   00E9 67                  279 	.db #0x67	; 103	'g'
   00EA 67                  280 	.db #0x67	; 103	'g'
   00EB 67                  281 	.db #0x67	; 103	'g'
   00EC 67                  282 	.db #0x67	; 103	'g'
   00ED 67                  283 	.db #0x67	; 103	'g'
   00EE 67                  284 	.db #0x67	; 103	'g'
   00EF 67                  285 	.db #0x67	; 103	'g'
   00F0 67                  286 	.db #0x67	; 103	'g'
   00F1 67                  287 	.db #0x67	; 103	'g'
   00F2 67                  288 	.db #0x67	; 103	'g'
   00F3 67                  289 	.db #0x67	; 103	'g'
   00F4 67                  290 	.db #0x67	; 103	'g'
   00F5 67                  291 	.db #0x67	; 103	'g'
   00F6 67                  292 	.db #0x67	; 103	'g'
   00F7 67                  293 	.db #0x67	; 103	'g'
   00F8 67                  294 	.db #0x67	; 103	'g'
   00F9 67                  295 	.db #0x67	; 103	'g'
   00FA 6B                  296 	.db #0x6B	; 107	'k'
   00FB 6B                  297 	.db #0x6B	; 107	'k'
   00FC 6B                  298 	.db #0x6B	; 107	'k'
   00FD 6B                  299 	.db #0x6B	; 107	'k'
   00FE 6B                  300 	.db #0x6B	; 107	'k'
   00FF 6B                  301 	.db #0x6B	; 107	'k'
   0100 6B                  302 	.db #0x6B	; 107	'k'
   0101 6B                  303 	.db #0x6B	; 107	'k'
   0102 6B                  304 	.db #0x6B	; 107	'k'
   0103 6B                  305 	.db #0x6B	; 107	'k'
   0104 67                  306 	.db #0x67	; 103	'g'
   0105 67                  307 	.db #0x67	; 103	'g'
   0106 6B                  308 	.db #0x6B	; 107	'k'
   0107 6B                  309 	.db #0x6B	; 107	'k'
   0108 6D                  310 	.db #0x6D	; 109	'm'
   0109 6D                  311 	.db #0x6D	; 109	'm'
                            312 	.area _INITIALIZER
                            313 	.area _CABS (ABS)
