                              1 ;--------------------------------------------------------
                              2 ; File Created by SDCC : free open source ANSI-C Compiler
                              3 ; Version 3.5.4 #9329 (CYGWIN)
                              4 ; This file was generated Fri Oct 23 11:39:06 2015
                              5 ;--------------------------------------------------------
                              6 	.module espada
                              7 	.optsdcc -mz80
                              8 	
                              9 ;--------------------------------------------------------
                             10 ; Public variables in this module
                             11 ;--------------------------------------------------------
                             12 	.globl _espada
                             13 	.globl _g_tile_tileset_espada
                             14 ;--------------------------------------------------------
                             15 ; special function registers
                             16 ;--------------------------------------------------------
                             17 ;--------------------------------------------------------
                             18 ; ram data
                             19 ;--------------------------------------------------------
                             20 	.area _DATA
                             21 ;--------------------------------------------------------
                             22 ; ram data
                             23 ;--------------------------------------------------------
                             24 	.area _INITIALIZED
                             25 ;--------------------------------------------------------
                             26 ; absolute external ram data
                             27 ;--------------------------------------------------------
                             28 	.area _DABS (ABS)
                             29 ;--------------------------------------------------------
                             30 ; global & static initialisations
                             31 ;--------------------------------------------------------
                             32 	.area _HOME
                             33 	.area _GSINIT
                             34 	.area _GSFINAL
                             35 	.area _GSINIT
                             36 ;--------------------------------------------------------
                             37 ; Home
                             38 ;--------------------------------------------------------
                             39 	.area _HOME
                             40 	.area _HOME
                             41 ;--------------------------------------------------------
                             42 ; code
                             43 ;--------------------------------------------------------
                             44 	.area _CODE
                             45 	.area _CODE
   0000                      46 _g_tile_tileset_espada:
   0000r02r00                47 	.dw _espada
   0002                      48 _espada:
   0002 AA                   49 	.db #0xAA	; 170
   0003 40                   50 	.db #0x40	; 64
   0004 55                   51 	.db #0x55	; 85	'U'
   0005 80                   52 	.db #0x80	; 128
   0006 AA                   53 	.db #0xAA	; 170
   0007 40                   54 	.db #0x40	; 64
   0008 55                   55 	.db #0x55	; 85	'U'
   0009 80                   56 	.db #0x80	; 128
   000A AA                   57 	.db #0xAA	; 170
   000B 40                   58 	.db #0x40	; 64
   000C 55                   59 	.db #0x55	; 85	'U'
   000D 80                   60 	.db #0x80	; 128
   000E AA                   61 	.db #0xAA	; 170
   000F 40                   62 	.db #0x40	; 64
   0010 55                   63 	.db #0x55	; 85	'U'
   0011 80                   64 	.db #0x80	; 128
   0012 AA                   65 	.db #0xAA	; 170
   0013 40                   66 	.db #0x40	; 64
   0014 55                   67 	.db #0x55	; 85	'U'
   0015 80                   68 	.db #0x80	; 128
   0016 00                   69 	.db #0x00	; 0
   0017 C0                   70 	.db #0xC0	; 192
   0018 00                   71 	.db #0x00	; 0
   0019 C0                   72 	.db #0xC0	; 192
   001A 00                   73 	.db #0x00	; 0
   001B C0                   74 	.db #0xC0	; 192
   001C 00                   75 	.db #0x00	; 0
   001D C0                   76 	.db #0xC0	; 192
   001E AA                   77 	.db #0xAA	; 170
   001F 40                   78 	.db #0x40	; 64
   0020 55                   79 	.db #0x55	; 85	'U'
   0021 80                   80 	.db #0x80	; 128
                             81 	.area _INITIALIZER
                             82 	.area _CABS (ABS)
