                              1 ;--------------------------------------------------------
                              2 ; File Created by SDCC : free open source ANSI-C Compiler
                              3 ; Version 3.5.0 #9253 (Sep 22 2015) (CYGWIN)
                              4 ; This file was generated Fri Oct 23 22:02:34 2015
                              5 ;--------------------------------------------------------
                              6 	.module filete
                              7 	.optsdcc -mz80
                              8 	
                              9 ;--------------------------------------------------------
                             10 ; Public variables in this module
                             11 ;--------------------------------------------------------
                             12 	.globl _filete
                             13 	.globl _filete_tileset
                             14 ;--------------------------------------------------------
                             15 ; special function registers
                             16 ;--------------------------------------------------------
                             17 ;--------------------------------------------------------
                             18 ; ram data
                             19 ;--------------------------------------------------------
                             20 	.area _DATA
                             21 ;--------------------------------------------------------
                             22 ; ram data
                             23 ;--------------------------------------------------------
                             24 	.area _INITIALIZED
                             25 ;--------------------------------------------------------
                             26 ; absolute external ram data
                             27 ;--------------------------------------------------------
                             28 	.area _DABS (ABS)
                             29 ;--------------------------------------------------------
                             30 ; global & static initialisations
                             31 ;--------------------------------------------------------
                             32 	.area _HOME
                             33 	.area _GSINIT
                             34 	.area _GSFINAL
                             35 	.area _GSINIT
                             36 ;--------------------------------------------------------
                             37 ; Home
                             38 ;--------------------------------------------------------
                             39 	.area _HOME
                             40 	.area _HOME
                             41 ;--------------------------------------------------------
                             42 ; code
                             43 ;--------------------------------------------------------
                             44 	.area _CODE
                             45 	.area _CODE
   0000                      46 _filete_tileset:
   0000r02r00                47 	.dw _filete
   0002                      48 _filete:
   0002 30                   49 	.db #0x30	; 48	'0'
   0003 30                   50 	.db #0x30	; 48	'0'
   0004 30                   51 	.db #0x30	; 48	'0'
   0005 30                   52 	.db #0x30	; 48	'0'
   0006 30                   53 	.db #0x30	; 48	'0'
   0007 30                   54 	.db #0x30	; 48	'0'
   0008 30                   55 	.db #0x30	; 48	'0'
   0009 30                   56 	.db #0x30	; 48	'0'
   000A 30                   57 	.db #0x30	; 48	'0'
   000B 30                   58 	.db #0x30	; 48	'0'
   000C 30                   59 	.db #0x30	; 48	'0'
   000D 30                   60 	.db #0x30	; 48	'0'
   000E 30                   61 	.db #0x30	; 48	'0'
   000F 30                   62 	.db #0x30	; 48	'0'
   0010 30                   63 	.db #0x30	; 48	'0'
   0011 30                   64 	.db #0x30	; 48	'0'
   0012 30                   65 	.db #0x30	; 48	'0'
   0013 30                   66 	.db #0x30	; 48	'0'
   0014 30                   67 	.db #0x30	; 48	'0'
   0015 30                   68 	.db #0x30	; 48	'0'
   0016 30                   69 	.db #0x30	; 48	'0'
   0017 30                   70 	.db #0x30	; 48	'0'
   0018 30                   71 	.db #0x30	; 48	'0'
   0019 30                   72 	.db #0x30	; 48	'0'
   001A 30                   73 	.db #0x30	; 48	'0'
   001B 30                   74 	.db #0x30	; 48	'0'
   001C 30                   75 	.db #0x30	; 48	'0'
   001D 30                   76 	.db #0x30	; 48	'0'
   001E 30                   77 	.db #0x30	; 48	'0'
   001F 30                   78 	.db #0x30	; 48	'0'
   0020 30                   79 	.db #0x30	; 48	'0'
   0021 30                   80 	.db #0x30	; 48	'0'
   0022 30                   81 	.db #0x30	; 48	'0'
   0023 30                   82 	.db #0x30	; 48	'0'
   0024 30                   83 	.db #0x30	; 48	'0'
   0025 30                   84 	.db #0x30	; 48	'0'
   0026 30                   85 	.db #0x30	; 48	'0'
   0027 30                   86 	.db #0x30	; 48	'0'
   0028 30                   87 	.db #0x30	; 48	'0'
   0029 30                   88 	.db #0x30	; 48	'0'
   002A 30                   89 	.db #0x30	; 48	'0'
   002B 30                   90 	.db #0x30	; 48	'0'
   002C 30                   91 	.db #0x30	; 48	'0'
   002D 30                   92 	.db #0x30	; 48	'0'
   002E 30                   93 	.db #0x30	; 48	'0'
   002F 30                   94 	.db #0x30	; 48	'0'
   0030 30                   95 	.db #0x30	; 48	'0'
   0031 30                   96 	.db #0x30	; 48	'0'
   0032 CC                   97 	.db #0xCC	; 204
   0033 30                   98 	.db #0x30	; 48	'0'
   0034 30                   99 	.db #0x30	; 48	'0'
   0035 30                  100 	.db #0x30	; 48	'0'
   0036 CC                  101 	.db #0xCC	; 204
   0037 CC                  102 	.db #0xCC	; 204
   0038 CC                  103 	.db #0xCC	; 204
   0039 98                  104 	.db #0x98	; 152
   003A 30                  105 	.db #0x30	; 48	'0'
   003B CC                  106 	.db #0xCC	; 204
   003C CC                  107 	.db #0xCC	; 204
   003D 98                  108 	.db #0x98	; 152
   003E 30                  109 	.db #0x30	; 48	'0'
   003F 30                  110 	.db #0x30	; 48	'0'
   0040 CC                  111 	.db #0xCC	; 204
   0041 CC                  112 	.db #0xCC	; 204
   0042 CC                  113 	.db #0xCC	; 204
   0043 CC                  114 	.db #0xCC	; 204
   0044 CC                  115 	.db #0xCC	; 204
   0045 CC                  116 	.db #0xCC	; 204
   0046 CC                  117 	.db #0xCC	; 204
   0047 98                  118 	.db #0x98	; 152
   0048 30                  119 	.db #0x30	; 48	'0'
   0049 64                  120 	.db #0x64	; 100	'd'
   004A CC                  121 	.db #0xCC	; 204
   004B CC                  122 	.db #0xCC	; 204
   004C CC                  123 	.db #0xCC	; 204
   004D CC                  124 	.db #0xCC	; 204
   004E CC                  125 	.db #0xCC	; 204
   004F CC                  126 	.db #0xCC	; 204
   0050 CC                  127 	.db #0xCC	; 204
   0051 98                  128 	.db #0x98	; 152
   0052 30                  129 	.db #0x30	; 48	'0'
   0053 CC                  130 	.db #0xCC	; 204
   0054 CC                  131 	.db #0xCC	; 204
   0055 98                  132 	.db #0x98	; 152
   0056 CC                  133 	.db #0xCC	; 204
   0057 CC                  134 	.db #0xCC	; 204
   0058 CC                  135 	.db #0xCC	; 204
   0059 CC                  136 	.db #0xCC	; 204
   005A CC                  137 	.db #0xCC	; 204
   005B 98                  138 	.db #0x98	; 152
   005C 30                  139 	.db #0x30	; 48	'0'
   005D CC                  140 	.db #0xCC	; 204
   005E CC                  141 	.db #0xCC	; 204
   005F 30                  142 	.db #0x30	; 48	'0'
   0060 64                  143 	.db #0x64	; 100	'd'
   0061 CC                  144 	.db #0xCC	; 204
   0062 CC                  145 	.db #0xCC	; 204
   0063 CC                  146 	.db #0xCC	; 204
   0064 CC                  147 	.db #0xCC	; 204
   0065 30                  148 	.db #0x30	; 48	'0'
   0066 30                  149 	.db #0x30	; 48	'0'
   0067 CC                  150 	.db #0xCC	; 204
   0068 CC                  151 	.db #0xCC	; 204
   0069 98                  152 	.db #0x98	; 152
   006A 64                  153 	.db #0x64	; 100	'd'
   006B CC                  154 	.db #0xCC	; 204
   006C CC                  155 	.db #0xCC	; 204
   006D CC                  156 	.db #0xCC	; 204
   006E 98                  157 	.db #0x98	; 152
   006F 64                  158 	.db #0x64	; 100	'd'
   0070 30                  159 	.db #0x30	; 48	'0'
   0071 64                  160 	.db #0x64	; 100	'd'
   0072 CC                  161 	.db #0xCC	; 204
   0073 CC                  162 	.db #0xCC	; 204
   0074 CC                  163 	.db #0xCC	; 204
   0075 CC                  164 	.db #0xCC	; 204
   0076 CC                  165 	.db #0xCC	; 204
   0077 CC                  166 	.db #0xCC	; 204
   0078 30                  167 	.db #0x30	; 48	'0'
   0079 CC                  168 	.db #0xCC	; 204
   007A 64                  169 	.db #0x64	; 100	'd'
   007B 64                  170 	.db #0x64	; 100	'd'
   007C CC                  171 	.db #0xCC	; 204
   007D CC                  172 	.db #0xCC	; 204
   007E CC                  173 	.db #0xCC	; 204
   007F CC                  174 	.db #0xCC	; 204
   0080 CC                  175 	.db #0xCC	; 204
   0081 98                  176 	.db #0x98	; 152
   0082 64                  177 	.db #0x64	; 100	'd'
   0083 CC                  178 	.db #0xCC	; 204
   0084 64                  179 	.db #0x64	; 100	'd'
   0085 30                  180 	.db #0x30	; 48	'0'
   0086 64                  181 	.db #0x64	; 100	'd'
   0087 CC                  182 	.db #0xCC	; 204
   0088 CC                  183 	.db #0xCC	; 204
   0089 CC                  184 	.db #0xCC	; 204
   008A 98                  185 	.db #0x98	; 152
   008B 30                  186 	.db #0x30	; 48	'0'
   008C CC                  187 	.db #0xCC	; 204
   008D 98                  188 	.db #0x98	; 152
   008E 64                  189 	.db #0x64	; 100	'd'
   008F CC                  190 	.db #0xCC	; 204
   0090 30                  191 	.db #0x30	; 48	'0'
   0091 30                  192 	.db #0x30	; 48	'0'
   0092 30                  193 	.db #0x30	; 48	'0'
   0093 30                  194 	.db #0x30	; 48	'0'
   0094 30                  195 	.db #0x30	; 48	'0'
   0095 CC                  196 	.db #0xCC	; 204
   0096 CC                  197 	.db #0xCC	; 204
   0097 30                  198 	.db #0x30	; 48	'0'
   0098 30                  199 	.db #0x30	; 48	'0'
   0099 CC                  200 	.db #0xCC	; 204
   009A CC                  201 	.db #0xCC	; 204
   009B CC                  202 	.db #0xCC	; 204
   009C CC                  203 	.db #0xCC	; 204
   009D CC                  204 	.db #0xCC	; 204
   009E CC                  205 	.db #0xCC	; 204
   009F CC                  206 	.db #0xCC	; 204
   00A0 98                  207 	.db #0x98	; 152
   00A1 30                  208 	.db #0x30	; 48	'0'
   00A2 30                  209 	.db #0x30	; 48	'0'
   00A3 64                  210 	.db #0x64	; 100	'd'
   00A4 CC                  211 	.db #0xCC	; 204
   00A5 CC                  212 	.db #0xCC	; 204
   00A6 CC                  213 	.db #0xCC	; 204
   00A7 CC                  214 	.db #0xCC	; 204
   00A8 CC                  215 	.db #0xCC	; 204
   00A9 CC                  216 	.db #0xCC	; 204
   00AA 30                  217 	.db #0x30	; 48	'0'
   00AB 30                  218 	.db #0x30	; 48	'0'
   00AC 30                  219 	.db #0x30	; 48	'0'
   00AD 30                  220 	.db #0x30	; 48	'0'
   00AE 30                  221 	.db #0x30	; 48	'0'
   00AF 30                  222 	.db #0x30	; 48	'0'
   00B0 30                  223 	.db #0x30	; 48	'0'
   00B1 30                  224 	.db #0x30	; 48	'0'
   00B2 30                  225 	.db #0x30	; 48	'0'
   00B3 30                  226 	.db #0x30	; 48	'0'
   00B4 30                  227 	.db #0x30	; 48	'0'
   00B5 30                  228 	.db #0x30	; 48	'0'
   00B6 30                  229 	.db #0x30	; 48	'0'
   00B7 30                  230 	.db #0x30	; 48	'0'
   00B8 30                  231 	.db #0x30	; 48	'0'
   00B9 30                  232 	.db #0x30	; 48	'0'
   00BA 30                  233 	.db #0x30	; 48	'0'
   00BB 30                  234 	.db #0x30	; 48	'0'
   00BC 30                  235 	.db #0x30	; 48	'0'
   00BD 30                  236 	.db #0x30	; 48	'0'
   00BE 30                  237 	.db #0x30	; 48	'0'
   00BF 30                  238 	.db #0x30	; 48	'0'
   00C0 30                  239 	.db #0x30	; 48	'0'
   00C1 30                  240 	.db #0x30	; 48	'0'
   00C2 30                  241 	.db #0x30	; 48	'0'
   00C3 30                  242 	.db #0x30	; 48	'0'
   00C4 30                  243 	.db #0x30	; 48	'0'
   00C5 30                  244 	.db #0x30	; 48	'0'
   00C6 30                  245 	.db #0x30	; 48	'0'
   00C7 30                  246 	.db #0x30	; 48	'0'
   00C8 30                  247 	.db #0x30	; 48	'0'
   00C9 30                  248 	.db #0x30	; 48	'0'
                            249 	.area _INITIALIZER
                            250 	.area _CABS (ABS)
