                              1 ;--------------------------------------------------------
                              2 ; File Created by SDCC : free open source ANSI-C Compiler
                              3 ; Version 3.5.0 #9253 (Sep 22 2015) (CYGWIN)
                              4 ; This file was generated Fri Oct 23 22:02:33 2015
                              5 ;--------------------------------------------------------
                              6 	.module guarda
                              7 	.optsdcc -mz80
                              8 	
                              9 ;--------------------------------------------------------
                             10 ; Public variables in this module
                             11 ;--------------------------------------------------------
                             12 	.globl _pers
                             13 	.globl _pers_tileset
                             14 ;--------------------------------------------------------
                             15 ; special function registers
                             16 ;--------------------------------------------------------
                             17 ;--------------------------------------------------------
                             18 ; ram data
                             19 ;--------------------------------------------------------
                             20 	.area _DATA
                             21 ;--------------------------------------------------------
                             22 ; ram data
                             23 ;--------------------------------------------------------
                             24 	.area _INITIALIZED
                             25 ;--------------------------------------------------------
                             26 ; absolute external ram data
                             27 ;--------------------------------------------------------
                             28 	.area _DABS (ABS)
                             29 ;--------------------------------------------------------
                             30 ; global & static initialisations
                             31 ;--------------------------------------------------------
                             32 	.area _HOME
                             33 	.area _GSINIT
                             34 	.area _GSFINAL
                             35 	.area _GSINIT
                             36 ;--------------------------------------------------------
                             37 ; Home
                             38 ;--------------------------------------------------------
                             39 	.area _HOME
                             40 	.area _HOME
                             41 ;--------------------------------------------------------
                             42 ; code
                             43 ;--------------------------------------------------------
                             44 	.area _CODE
                             45 	.area _CODE
   0000                      46 _pers_tileset:
   0000r02r00                47 	.dw _pers
   0002                      48 _pers:
   0002 30                   49 	.db #0x30	; 48	'0'
   0003 30                   50 	.db #0x30	; 48	'0'
   0004 30                   51 	.db #0x30	; 48	'0'
   0005 30                   52 	.db #0x30	; 48	'0'
   0006 30                   53 	.db #0x30	; 48	'0'
   0007 30                   54 	.db #0x30	; 48	'0'
   0008 30                   55 	.db #0x30	; 48	'0'
   0009 30                   56 	.db #0x30	; 48	'0'
   000A 30                   57 	.db #0x30	; 48	'0'
   000B 30                   58 	.db #0x30	; 48	'0'
   000C 30                   59 	.db #0x30	; 48	'0'
   000D 30                   60 	.db #0x30	; 48	'0'
   000E 30                   61 	.db #0x30	; 48	'0'
   000F 30                   62 	.db #0x30	; 48	'0'
   0010 30                   63 	.db #0x30	; 48	'0'
   0011 30                   64 	.db #0x30	; 48	'0'
   0012 30                   65 	.db #0x30	; 48	'0'
   0013 30                   66 	.db #0x30	; 48	'0'
   0014 30                   67 	.db #0x30	; 48	'0'
   0015 30                   68 	.db #0x30	; 48	'0'
   0016 30                   69 	.db #0x30	; 48	'0'
   0017 30                   70 	.db #0x30	; 48	'0'
   0018 30                   71 	.db #0x30	; 48	'0'
   0019 30                   72 	.db #0x30	; 48	'0'
   001A 00                   73 	.db #0x00	; 0
   001B 00                   74 	.db #0x00	; 0
   001C 30                   75 	.db #0x30	; 48	'0'
   001D 30                   76 	.db #0x30	; 48	'0'
   001E 30                   77 	.db #0x30	; 48	'0'
   001F 30                   78 	.db #0x30	; 48	'0'
   0020 30                   79 	.db #0x30	; 48	'0'
   0021 30                   80 	.db #0x30	; 48	'0'
   0022 30                   81 	.db #0x30	; 48	'0'
   0023 20                   82 	.db #0x20	; 32
   0024 00                   83 	.db #0x00	; 0
   0025 00                   84 	.db #0x00	; 0
   0026 10                   85 	.db #0x10	; 16
   0027 30                   86 	.db #0x30	; 48	'0'
   0028 30                   87 	.db #0x30	; 48	'0'
   0029 30                   88 	.db #0x30	; 48	'0'
   002A 30                   89 	.db #0x30	; 48	'0'
   002B 30                   90 	.db #0x30	; 48	'0'
   002C 30                   91 	.db #0x30	; 48	'0'
   002D 20                   92 	.db #0x20	; 32
   002E 00                   93 	.db #0x00	; 0
   002F 00                   94 	.db #0x00	; 0
   0030 10                   95 	.db #0x10	; 16
   0031 30                   96 	.db #0x30	; 48	'0'
   0032 30                   97 	.db #0x30	; 48	'0'
   0033 30                   98 	.db #0x30	; 48	'0'
   0034 30                   99 	.db #0x30	; 48	'0'
   0035 30                  100 	.db #0x30	; 48	'0'
   0036 20                  101 	.db #0x20	; 32
   0037 00                  102 	.db #0x00	; 0
   0038 00                  103 	.db #0x00	; 0
   0039 00                  104 	.db #0x00	; 0
   003A 00                  105 	.db #0x00	; 0
   003B 10                  106 	.db #0x10	; 16
   003C 30                  107 	.db #0x30	; 48	'0'
   003D 30                  108 	.db #0x30	; 48	'0'
   003E 30                  109 	.db #0x30	; 48	'0'
   003F 30                  110 	.db #0x30	; 48	'0'
   0040 30                  111 	.db #0x30	; 48	'0'
   0041 60                  112 	.db #0x60	; 96
   0042 C0                  113 	.db #0xC0	; 192
   0043 C0                  114 	.db #0xC0	; 192
   0044 90                  115 	.db #0x90	; 144
   0045 30                  116 	.db #0x30	; 48	'0'
   0046 30                  117 	.db #0x30	; 48	'0'
   0047 30                  118 	.db #0x30	; 48	'0'
   0048 30                  119 	.db #0x30	; 48	'0'
   0049 30                  120 	.db #0x30	; 48	'0'
   004A 30                  121 	.db #0x30	; 48	'0'
   004B C0                  122 	.db #0xC0	; 192
   004C 40                  123 	.db #0x40	; 64
   004D 80                  124 	.db #0x80	; 128
   004E C0                  125 	.db #0xC0	; 192
   004F 30                  126 	.db #0x30	; 48	'0'
   0050 30                  127 	.db #0x30	; 48	'0'
   0051 30                  128 	.db #0x30	; 48	'0'
   0052 30                  129 	.db #0x30	; 48	'0'
   0053 30                  130 	.db #0x30	; 48	'0'
   0054 30                  131 	.db #0x30	; 48	'0'
   0055 C0                  132 	.db #0xC0	; 192
   0056 C0                  133 	.db #0xC0	; 192
   0057 C0                  134 	.db #0xC0	; 192
   0058 C0                  135 	.db #0xC0	; 192
   0059 30                  136 	.db #0x30	; 48	'0'
   005A 30                  137 	.db #0x30	; 48	'0'
   005B 30                  138 	.db #0x30	; 48	'0'
   005C 30                  139 	.db #0x30	; 48	'0'
   005D 30                  140 	.db #0x30	; 48	'0'
   005E 30                  141 	.db #0x30	; 48	'0'
   005F 60                  142 	.db #0x60	; 96
   0060 80                  143 	.db #0x80	; 128
   0061 40                  144 	.db #0x40	; 64
   0062 90                  145 	.db #0x90	; 144
   0063 30                  146 	.db #0x30	; 48	'0'
   0064 30                  147 	.db #0x30	; 48	'0'
   0065 30                  148 	.db #0x30	; 48	'0'
   0066 30                  149 	.db #0x30	; 48	'0'
   0067 30                  150 	.db #0x30	; 48	'0'
   0068 30                  151 	.db #0x30	; 48	'0'
   0069 30                  152 	.db #0x30	; 48	'0'
   006A C0                  153 	.db #0xC0	; 192
   006B C0                  154 	.db #0xC0	; 192
   006C 30                  155 	.db #0x30	; 48	'0'
   006D 30                  156 	.db #0x30	; 48	'0'
   006E 30                  157 	.db #0x30	; 48	'0'
   006F 30                  158 	.db #0x30	; 48	'0'
   0070 30                  159 	.db #0x30	; 48	'0'
   0071 30                  160 	.db #0x30	; 48	'0'
   0072 30                  161 	.db #0x30	; 48	'0'
   0073 00                  162 	.db #0x00	; 0
   0074 00                  163 	.db #0x00	; 0
   0075 00                  164 	.db #0x00	; 0
   0076 00                  165 	.db #0x00	; 0
   0077 30                  166 	.db #0x30	; 48	'0'
   0078 30                  167 	.db #0x30	; 48	'0'
   0079 30                  168 	.db #0x30	; 48	'0'
   007A 30                  169 	.db #0x30	; 48	'0'
   007B 30                  170 	.db #0x30	; 48	'0'
   007C 20                  171 	.db #0x20	; 32
   007D 00                  172 	.db #0x00	; 0
   007E 00                  173 	.db #0x00	; 0
   007F 00                  174 	.db #0x00	; 0
   0080 00                  175 	.db #0x00	; 0
   0081 10                  176 	.db #0x10	; 16
   0082 30                  177 	.db #0x30	; 48	'0'
   0083 30                  178 	.db #0x30	; 48	'0'
   0084 30                  179 	.db #0x30	; 48	'0'
   0085 30                  180 	.db #0x30	; 48	'0'
   0086 80                  181 	.db #0x80	; 128
   0087 10                  182 	.db #0x10	; 16
   0088 00                  183 	.db #0x00	; 0
   0089 00                  184 	.db #0x00	; 0
   008A 20                  185 	.db #0x20	; 32
   008B 40                  186 	.db #0x40	; 64
   008C 30                  187 	.db #0x30	; 48	'0'
   008D 30                  188 	.db #0x30	; 48	'0'
   008E 30                  189 	.db #0x30	; 48	'0'
   008F 30                  190 	.db #0x30	; 48	'0'
   0090 C0                  191 	.db #0xC0	; 192
   0091 30                  192 	.db #0x30	; 48	'0'
   0092 00                  193 	.db #0x00	; 0
   0093 00                  194 	.db #0x00	; 0
   0094 30                  195 	.db #0x30	; 48	'0'
   0095 C0                  196 	.db #0xC0	; 192
   0096 30                  197 	.db #0x30	; 48	'0'
   0097 30                  198 	.db #0x30	; 48	'0'
   0098 30                  199 	.db #0x30	; 48	'0'
   0099 30                  200 	.db #0x30	; 48	'0'
   009A 30                  201 	.db #0x30	; 48	'0'
   009B 30                  202 	.db #0x30	; 48	'0'
   009C 30                  203 	.db #0x30	; 48	'0'
   009D 30                  204 	.db #0x30	; 48	'0'
   009E 30                  205 	.db #0x30	; 48	'0'
   009F 30                  206 	.db #0x30	; 48	'0'
   00A0 30                  207 	.db #0x30	; 48	'0'
   00A1 30                  208 	.db #0x30	; 48	'0'
   00A2 30                  209 	.db #0x30	; 48	'0'
   00A3 30                  210 	.db #0x30	; 48	'0'
   00A4 30                  211 	.db #0x30	; 48	'0'
   00A5 64                  212 	.db #0x64	; 100	'd'
   00A6 30                  213 	.db #0x30	; 48	'0'
   00A7 30                  214 	.db #0x30	; 48	'0'
   00A8 30                  215 	.db #0x30	; 48	'0'
   00A9 30                  216 	.db #0x30	; 48	'0'
   00AA 30                  217 	.db #0x30	; 48	'0'
   00AB 30                  218 	.db #0x30	; 48	'0'
   00AC 30                  219 	.db #0x30	; 48	'0'
   00AD 30                  220 	.db #0x30	; 48	'0'
   00AE 30                  221 	.db #0x30	; 48	'0'
   00AF 64                  222 	.db #0x64	; 100	'd'
   00B0 30                  223 	.db #0x30	; 48	'0'
   00B1 30                  224 	.db #0x30	; 48	'0'
   00B2 30                  225 	.db #0x30	; 48	'0'
   00B3 30                  226 	.db #0x30	; 48	'0'
   00B4 30                  227 	.db #0x30	; 48	'0'
   00B5 30                  228 	.db #0x30	; 48	'0'
   00B6 30                  229 	.db #0x30	; 48	'0'
   00B7 30                  230 	.db #0x30	; 48	'0'
   00B8 30                  231 	.db #0x30	; 48	'0'
   00B9 30                  232 	.db #0x30	; 48	'0'
   00BA 30                  233 	.db #0x30	; 48	'0'
   00BB CC                  234 	.db #0xCC	; 204
   00BC 30                  235 	.db #0x30	; 48	'0'
   00BD 30                  236 	.db #0x30	; 48	'0'
   00BE 30                  237 	.db #0x30	; 48	'0'
   00BF 30                  238 	.db #0x30	; 48	'0'
   00C0 30                  239 	.db #0x30	; 48	'0'
   00C1 30                  240 	.db #0x30	; 48	'0'
   00C2 30                  241 	.db #0x30	; 48	'0'
   00C3 30                  242 	.db #0x30	; 48	'0'
   00C4 30                  243 	.db #0x30	; 48	'0'
   00C5 CC                  244 	.db #0xCC	; 204
   00C6 30                  245 	.db #0x30	; 48	'0'
   00C7 30                  246 	.db #0x30	; 48	'0'
   00C8 30                  247 	.db #0x30	; 48	'0'
   00C9 30                  248 	.db #0x30	; 48	'0'
                            249 	.area _INITIALIZER
                            250 	.area _CABS (ABS)
