                              1 ;--------------------------------------------------------
                              2 ; File Created by SDCC : free open source ANSI-C Compiler
                              3 ; Version 3.5.0 #9253 (Sep 22 2015) (CYGWIN)
                              4 ; This file was generated Fri Oct 23 22:04:38 2015
                              5 ;--------------------------------------------------------
                              6 	.module komodo
                              7 	.optsdcc -mz80
                              8 	
                              9 ;--------------------------------------------------------
                             10 ; Public variables in this module
                             11 ;--------------------------------------------------------
                             12 	.globl _komodo
                             13 	.globl _komodo_tileset
                             14 ;--------------------------------------------------------
                             15 ; special function registers
                             16 ;--------------------------------------------------------
                             17 ;--------------------------------------------------------
                             18 ; ram data
                             19 ;--------------------------------------------------------
                             20 	.area _DATA
                             21 ;--------------------------------------------------------
                             22 ; ram data
                             23 ;--------------------------------------------------------
                             24 	.area _INITIALIZED
                             25 ;--------------------------------------------------------
                             26 ; absolute external ram data
                             27 ;--------------------------------------------------------
                             28 	.area _DABS (ABS)
                             29 ;--------------------------------------------------------
                             30 ; global & static initialisations
                             31 ;--------------------------------------------------------
                             32 	.area _HOME
                             33 	.area _GSINIT
                             34 	.area _GSFINAL
                             35 	.area _GSINIT
                             36 ;--------------------------------------------------------
                             37 ; Home
                             38 ;--------------------------------------------------------
                             39 	.area _HOME
                             40 	.area _HOME
                             41 ;--------------------------------------------------------
                             42 ; code
                             43 ;--------------------------------------------------------
                             44 	.area _CODE
                             45 	.area _CODE
   0000                      46 _komodo_tileset:
   0000r02r00                47 	.dw _komodo
   0002                      48 _komodo:
   0002 30                   49 	.db #0x30	; 48	'0'
   0003 30                   50 	.db #0x30	; 48	'0'
   0004 30                   51 	.db #0x30	; 48	'0'
   0005 30                   52 	.db #0x30	; 48	'0'
   0006 30                   53 	.db #0x30	; 48	'0'
   0007 30                   54 	.db #0x30	; 48	'0'
   0008 30                   55 	.db #0x30	; 48	'0'
   0009 30                   56 	.db #0x30	; 48	'0'
   000A 30                   57 	.db #0x30	; 48	'0'
   000B 30                   58 	.db #0x30	; 48	'0'
   000C 30                   59 	.db #0x30	; 48	'0'
   000D 30                   60 	.db #0x30	; 48	'0'
   000E 30                   61 	.db #0x30	; 48	'0'
   000F 30                   62 	.db #0x30	; 48	'0'
   0010 30                   63 	.db #0x30	; 48	'0'
   0011 30                   64 	.db #0x30	; 48	'0'
   0012 30                   65 	.db #0x30	; 48	'0'
   0013 30                   66 	.db #0x30	; 48	'0'
   0014 30                   67 	.db #0x30	; 48	'0'
   0015 30                   68 	.db #0x30	; 48	'0'
   0016 30                   69 	.db #0x30	; 48	'0'
   0017 30                   70 	.db #0x30	; 48	'0'
   0018 20                   71 	.db #0x20	; 32
   0019 00                   72 	.db #0x00	; 0
   001A 10                   73 	.db #0x10	; 16
   001B 20                   74 	.db #0x20	; 32
   001C 00                   75 	.db #0x00	; 0
   001D 10                   76 	.db #0x10	; 16
   001E 30                   77 	.db #0x30	; 48	'0'
   001F 30                   78 	.db #0x30	; 48	'0'
   0020 30                   79 	.db #0x30	; 48	'0'
   0021 30                   80 	.db #0x30	; 48	'0'
   0022 20                   81 	.db #0x20	; 32
   0023 80                   82 	.db #0x80	; 128
   0024 10                   83 	.db #0x10	; 16
   0025 20                   84 	.db #0x20	; 32
   0026 40                   85 	.db #0x40	; 64
   0027 10                   86 	.db #0x10	; 16
   0028 30                   87 	.db #0x30	; 48	'0'
   0029 30                   88 	.db #0x30	; 48	'0'
   002A 30                   89 	.db #0x30	; 48	'0'
   002B 30                   90 	.db #0x30	; 48	'0'
   002C 20                   91 	.db #0x20	; 32
   002D 00                   92 	.db #0x00	; 0
   002E 00                   93 	.db #0x00	; 0
   002F 00                   94 	.db #0x00	; 0
   0030 00                   95 	.db #0x00	; 0
   0031 10                   96 	.db #0x10	; 16
   0032 30                   97 	.db #0x30	; 48	'0'
   0033 30                   98 	.db #0x30	; 48	'0'
   0034 30                   99 	.db #0x30	; 48	'0'
   0035 30                  100 	.db #0x30	; 48	'0'
   0036 00                  101 	.db #0x00	; 0
   0037 00                  102 	.db #0x00	; 0
   0038 00                  103 	.db #0x00	; 0
   0039 00                  104 	.db #0x00	; 0
   003A 00                  105 	.db #0x00	; 0
   003B 00                  106 	.db #0x00	; 0
   003C 30                  107 	.db #0x30	; 48	'0'
   003D 30                  108 	.db #0x30	; 48	'0'
   003E 30                  109 	.db #0x30	; 48	'0'
   003F 30                  110 	.db #0x30	; 48	'0'
   0040 00                  111 	.db #0x00	; 0
   0041 40                  112 	.db #0x40	; 64
   0042 40                  113 	.db #0x40	; 64
   0043 40                  114 	.db #0x40	; 64
   0044 00                  115 	.db #0x00	; 0
   0045 00                  116 	.db #0x00	; 0
   0046 30                  117 	.db #0x30	; 48	'0'
   0047 30                  118 	.db #0x30	; 48	'0'
   0048 30                  119 	.db #0x30	; 48	'0'
   0049 30                  120 	.db #0x30	; 48	'0'
   004A 00                  121 	.db #0x00	; 0
   004B 40                  122 	.db #0x40	; 64
   004C 00                  123 	.db #0x00	; 0
   004D 40                  124 	.db #0x40	; 64
   004E 40                  125 	.db #0x40	; 64
   004F 00                  126 	.db #0x00	; 0
   0050 30                  127 	.db #0x30	; 48	'0'
   0051 30                  128 	.db #0x30	; 48	'0'
   0052 30                  129 	.db #0x30	; 48	'0'
   0053 30                  130 	.db #0x30	; 48	'0'
   0054 30                  131 	.db #0x30	; 48	'0'
   0055 00                  132 	.db #0x00	; 0
   0056 00                  133 	.db #0x00	; 0
   0057 00                  134 	.db #0x00	; 0
   0058 40                  135 	.db #0x40	; 64
   0059 10                  136 	.db #0x10	; 16
   005A 30                  137 	.db #0x30	; 48	'0'
   005B 30                  138 	.db #0x30	; 48	'0'
   005C 30                  139 	.db #0x30	; 48	'0'
   005D 30                  140 	.db #0x30	; 48	'0'
   005E 30                  141 	.db #0x30	; 48	'0'
   005F 00                  142 	.db #0x00	; 0
   0060 00                  143 	.db #0x00	; 0
   0061 00                  144 	.db #0x00	; 0
   0062 40                  145 	.db #0x40	; 64
   0063 10                  146 	.db #0x10	; 16
   0064 20                  147 	.db #0x20	; 32
   0065 10                  148 	.db #0x10	; 16
   0066 30                  149 	.db #0x30	; 48	'0'
   0067 30                  150 	.db #0x30	; 48	'0'
   0068 20                  151 	.db #0x20	; 32
   0069 00                  152 	.db #0x00	; 0
   006A 00                  153 	.db #0x00	; 0
   006B 00                  154 	.db #0x00	; 0
   006C 00                  155 	.db #0x00	; 0
   006D 10                  156 	.db #0x10	; 16
   006E 64                  157 	.db #0x64	; 100	'd'
   006F 10                  158 	.db #0x10	; 16
   0070 30                  159 	.db #0x30	; 48	'0'
   0071 30                  160 	.db #0x30	; 48	'0'
   0072 20                  161 	.db #0x20	; 32
   0073 00                  162 	.db #0x00	; 0
   0074 00                  163 	.db #0x00	; 0
   0075 00                  164 	.db #0x00	; 0
   0076 00                  165 	.db #0x00	; 0
   0077 30                  166 	.db #0x30	; 48	'0'
   0078 88                  167 	.db #0x88	; 136
   0079 10                  168 	.db #0x10	; 16
   007A 30                  169 	.db #0x30	; 48	'0'
   007B 30                  170 	.db #0x30	; 48	'0'
   007C 20                  171 	.db #0x20	; 32
   007D 80                  172 	.db #0x80	; 128
   007E 00                  173 	.db #0x00	; 0
   007F 80                  174 	.db #0x80	; 128
   0080 80                  175 	.db #0x80	; 128
   0081 64                  176 	.db #0x64	; 100	'd'
   0082 00                  177 	.db #0x00	; 0
   0083 10                  178 	.db #0x10	; 16
   0084 30                  179 	.db #0x30	; 48	'0'
   0085 30                  180 	.db #0x30	; 48	'0'
   0086 20                  181 	.db #0x20	; 32
   0087 80                  182 	.db #0x80	; 128
   0088 80                  183 	.db #0x80	; 128
   0089 80                  184 	.db #0x80	; 128
   008A 80                  185 	.db #0x80	; 128
   008B 00                  186 	.db #0x00	; 0
   008C 00                  187 	.db #0x00	; 0
   008D 30                  188 	.db #0x30	; 48	'0'
   008E 30                  189 	.db #0x30	; 48	'0'
   008F 00                  190 	.db #0x00	; 0
   0090 00                  191 	.db #0x00	; 0
   0091 00                  192 	.db #0x00	; 0
   0092 00                  193 	.db #0x00	; 0
   0093 00                  194 	.db #0x00	; 0
   0094 00                  195 	.db #0x00	; 0
   0095 00                  196 	.db #0x00	; 0
   0096 00                  197 	.db #0x00	; 0
   0097 30                  198 	.db #0x30	; 48	'0'
   0098 30                  199 	.db #0x30	; 48	'0'
   0099 00                  200 	.db #0x00	; 0
   009A 00                  201 	.db #0x00	; 0
   009B 00                  202 	.db #0x00	; 0
   009C 00                  203 	.db #0x00	; 0
   009D 00                  204 	.db #0x00	; 0
   009E 00                  205 	.db #0x00	; 0
   009F 00                  206 	.db #0x00	; 0
   00A0 00                  207 	.db #0x00	; 0
   00A1 30                  208 	.db #0x30	; 48	'0'
   00A2 20                  209 	.db #0x20	; 32
   00A3 00                  210 	.db #0x00	; 0
   00A4 10                  211 	.db #0x10	; 16
   00A5 30                  212 	.db #0x30	; 48	'0'
   00A6 30                  213 	.db #0x30	; 48	'0'
   00A7 30                  214 	.db #0x30	; 48	'0'
   00A8 30                  215 	.db #0x30	; 48	'0'
   00A9 00                  216 	.db #0x00	; 0
   00AA 00                  217 	.db #0x00	; 0
   00AB 30                  218 	.db #0x30	; 48	'0'
   00AC 20                  219 	.db #0x20	; 32
   00AD 00                  220 	.db #0x00	; 0
   00AE 30                  221 	.db #0x30	; 48	'0'
   00AF 30                  222 	.db #0x30	; 48	'0'
   00B0 30                  223 	.db #0x30	; 48	'0'
   00B1 30                  224 	.db #0x30	; 48	'0'
   00B2 30                  225 	.db #0x30	; 48	'0'
   00B3 20                  226 	.db #0x20	; 32
   00B4 00                  227 	.db #0x00	; 0
   00B5 10                  228 	.db #0x10	; 16
   00B6 0C                  229 	.db #0x0C	; 12
   00B7 0C                  230 	.db #0x0C	; 12
   00B8 30                  231 	.db #0x30	; 48	'0'
   00B9 30                  232 	.db #0x30	; 48	'0'
   00BA 30                  233 	.db #0x30	; 48	'0'
   00BB 30                  234 	.db #0x30	; 48	'0'
   00BC 30                  235 	.db #0x30	; 48	'0'
   00BD 20                  236 	.db #0x20	; 32
   00BE 00                  237 	.db #0x00	; 0
   00BF 10                  238 	.db #0x10	; 16
   00C0 30                  239 	.db #0x30	; 48	'0'
   00C1 30                  240 	.db #0x30	; 48	'0'
   00C2 30                  241 	.db #0x30	; 48	'0'
   00C3 30                  242 	.db #0x30	; 48	'0'
   00C4 30                  243 	.db #0x30	; 48	'0'
   00C5 30                  244 	.db #0x30	; 48	'0'
   00C6 30                  245 	.db #0x30	; 48	'0'
   00C7 24                  246 	.db #0x24	; 36
   00C8 0C                  247 	.db #0x0C	; 12
   00C9 0C                  248 	.db #0x0C	; 12
                            249 	.area _INITIALIZER
                            250 	.area _CABS (ABS)
