                              1 ;--------------------------------------------------------
                              2 ; File Created by SDCC : free open source ANSI-C Compiler
                              3 ; Version 3.5.0 #9253 (Sep 22 2015) (CYGWIN)
                              4 ; This file was generated Fri Oct 23 22:35:56 2015
                              5 ;--------------------------------------------------------
                              6 	.module latigo
                              7 	.optsdcc -mz80
                              8 	
                              9 ;--------------------------------------------------------
                             10 ; Public variables in this module
                             11 ;--------------------------------------------------------
                             12 	.globl _latigo
                             13 	.globl _latigo_tileset
                             14 ;--------------------------------------------------------
                             15 ; special function registers
                             16 ;--------------------------------------------------------
                             17 ;--------------------------------------------------------
                             18 ; ram data
                             19 ;--------------------------------------------------------
                             20 	.area _DATA
                             21 ;--------------------------------------------------------
                             22 ; ram data
                             23 ;--------------------------------------------------------
                             24 	.area _INITIALIZED
                             25 ;--------------------------------------------------------
                             26 ; absolute external ram data
                             27 ;--------------------------------------------------------
                             28 	.area _DABS (ABS)
                             29 ;--------------------------------------------------------
                             30 ; global & static initialisations
                             31 ;--------------------------------------------------------
                             32 	.area _HOME
                             33 	.area _GSINIT
                             34 	.area _GSFINAL
                             35 	.area _GSINIT
                             36 ;--------------------------------------------------------
                             37 ; Home
                             38 ;--------------------------------------------------------
                             39 	.area _HOME
                             40 	.area _HOME
                             41 ;--------------------------------------------------------
                             42 ; code
                             43 ;--------------------------------------------------------
                             44 	.area _CODE
                             45 	.area _CODE
   0000                      46 _latigo_tileset:
   0000r02r00                47 	.dw _latigo
   0002                      48 _latigo:
   0002 30                   49 	.db #0x30	; 48	'0'
   0003 30                   50 	.db #0x30	; 48	'0'
   0004 30                   51 	.db #0x30	; 48	'0'
   0005 30                   52 	.db #0x30	; 48	'0'
   0006 30                   53 	.db #0x30	; 48	'0'
   0007 30                   54 	.db #0x30	; 48	'0'
   0008 30                   55 	.db #0x30	; 48	'0'
   0009 30                   56 	.db #0x30	; 48	'0'
   000A 30                   57 	.db #0x30	; 48	'0'
   000B 30                   58 	.db #0x30	; 48	'0'
   000C 30                   59 	.db #0x30	; 48	'0'
   000D 30                   60 	.db #0x30	; 48	'0'
   000E 30                   61 	.db #0x30	; 48	'0'
   000F 30                   62 	.db #0x30	; 48	'0'
   0010 30                   63 	.db #0x30	; 48	'0'
   0011 30                   64 	.db #0x30	; 48	'0'
   0012 30                   65 	.db #0x30	; 48	'0'
   0013 30                   66 	.db #0x30	; 48	'0'
   0014 30                   67 	.db #0x30	; 48	'0'
   0015 30                   68 	.db #0x30	; 48	'0'
   0016 30                   69 	.db #0x30	; 48	'0'
   0017 30                   70 	.db #0x30	; 48	'0'
   0018 30                   71 	.db #0x30	; 48	'0'
   0019 0C                   72 	.db #0x0C	; 12
   001A 0C                   73 	.db #0x0C	; 12
   001B 0C                   74 	.db #0x0C	; 12
   001C 0C                   75 	.db #0x0C	; 12
   001D 30                   76 	.db #0x30	; 48	'0'
   001E 30                   77 	.db #0x30	; 48	'0'
   001F 30                   78 	.db #0x30	; 48	'0'
   0020 30                   79 	.db #0x30	; 48	'0'
   0021 30                   80 	.db #0x30	; 48	'0'
   0022 24                   81 	.db #0x24	; 36
   0023 0C                   82 	.db #0x0C	; 12
   0024 0C                   83 	.db #0x0C	; 12
   0025 0C                   84 	.db #0x0C	; 12
   0026 0C                   85 	.db #0x0C	; 12
   0027 18                   86 	.db #0x18	; 24
   0028 30                   87 	.db #0x30	; 48	'0'
   0029 30                   88 	.db #0x30	; 48	'0'
   002A 30                   89 	.db #0x30	; 48	'0'
   002B 30                   90 	.db #0x30	; 48	'0'
   002C 0C                   91 	.db #0x0C	; 12
   002D 18                   92 	.db #0x18	; 24
   002E 30                   93 	.db #0x30	; 48	'0'
   002F 30                   94 	.db #0x30	; 48	'0'
   0030 24                   95 	.db #0x24	; 36
   0031 0C                   96 	.db #0x0C	; 12
   0032 30                   97 	.db #0x30	; 48	'0'
   0033 30                   98 	.db #0x30	; 48	'0'
   0034 30                   99 	.db #0x30	; 48	'0'
   0035 30                  100 	.db #0x30	; 48	'0'
   0036 0C                  101 	.db #0x0C	; 12
   0037 30                  102 	.db #0x30	; 48	'0'
   0038 30                  103 	.db #0x30	; 48	'0'
   0039 30                  104 	.db #0x30	; 48	'0'
   003A 30                  105 	.db #0x30	; 48	'0'
   003B 0C                  106 	.db #0x0C	; 12
   003C 30                  107 	.db #0x30	; 48	'0'
   003D 30                  108 	.db #0x30	; 48	'0'
   003E 30                  109 	.db #0x30	; 48	'0'
   003F 24                  110 	.db #0x24	; 36
   0040 18                  111 	.db #0x18	; 24
   0041 30                  112 	.db #0x30	; 48	'0'
   0042 24                  113 	.db #0x24	; 36
   0043 0C                  114 	.db #0x0C	; 12
   0044 30                  115 	.db #0x30	; 48	'0'
   0045 24                  116 	.db #0x24	; 36
   0046 18                  117 	.db #0x18	; 24
   0047 30                  118 	.db #0x30	; 48	'0'
   0048 30                  119 	.db #0x30	; 48	'0'
   0049 24                  120 	.db #0x24	; 36
   004A 18                  121 	.db #0x18	; 24
   004B 30                  122 	.db #0x30	; 48	'0'
   004C 0C                  123 	.db #0x0C	; 12
   004D 0C                  124 	.db #0x0C	; 12
   004E 18                  125 	.db #0x18	; 24
   004F 24                  126 	.db #0x24	; 36
   0050 18                  127 	.db #0x18	; 24
   0051 30                  128 	.db #0x30	; 48	'0'
   0052 30                  129 	.db #0x30	; 48	'0'
   0053 24                  130 	.db #0x24	; 36
   0054 18                  131 	.db #0x18	; 24
   0055 24                  132 	.db #0x24	; 36
   0056 18                  133 	.db #0x18	; 24
   0057 30                  134 	.db #0x30	; 48	'0'
   0058 0C                  135 	.db #0x0C	; 12
   0059 30                  136 	.db #0x30	; 48	'0'
   005A 0C                  137 	.db #0x0C	; 12
   005B 30                  138 	.db #0x30	; 48	'0'
   005C 30                  139 	.db #0x30	; 48	'0'
   005D 24                  140 	.db #0x24	; 36
   005E 18                  141 	.db #0x18	; 24
   005F 0C                  142 	.db #0x0C	; 12
   0060 30                  143 	.db #0x30	; 48	'0'
   0061 30                  144 	.db #0x30	; 48	'0'
   0062 24                  145 	.db #0x24	; 36
   0063 30                  146 	.db #0x30	; 48	'0'
   0064 0C                  147 	.db #0x0C	; 12
   0065 30                  148 	.db #0x30	; 48	'0'
   0066 30                  149 	.db #0x30	; 48	'0'
   0067 0C                  150 	.db #0x0C	; 12
   0068 18                  151 	.db #0x18	; 24
   0069 0C                  152 	.db #0x0C	; 12
   006A 30                  153 	.db #0x30	; 48	'0'
   006B 30                  154 	.db #0x30	; 48	'0'
   006C 24                  155 	.db #0x24	; 36
   006D 18                  156 	.db #0x18	; 24
   006E 0C                  157 	.db #0x0C	; 12
   006F 30                  158 	.db #0x30	; 48	'0'
   0070 30                  159 	.db #0x30	; 48	'0'
   0071 CC                  160 	.db #0xCC	; 204
   0072 98                  161 	.db #0x98	; 152
   0073 0C                  162 	.db #0x0C	; 12
   0074 30                  163 	.db #0x30	; 48	'0'
   0075 CC                  164 	.db #0xCC	; 204
   0076 30                  165 	.db #0x30	; 48	'0'
   0077 18                  166 	.db #0x18	; 24
   0078 0C                  167 	.db #0x0C	; 12
   0079 30                  168 	.db #0x30	; 48	'0'
   007A 30                  169 	.db #0x30	; 48	'0'
   007B 0C                  170 	.db #0x0C	; 12
   007C 18                  171 	.db #0x18	; 24
   007D 0C                  172 	.db #0x0C	; 12
   007E 24                  173 	.db #0x24	; 36
   007F CC                  174 	.db #0xCC	; 204
   0080 30                  175 	.db #0x30	; 48	'0'
   0081 18                  176 	.db #0x18	; 24
   0082 24                  177 	.db #0x24	; 36
   0083 30                  178 	.db #0x30	; 48	'0'
   0084 30                  179 	.db #0x30	; 48	'0'
   0085 CC                  180 	.db #0xCC	; 204
   0086 98                  181 	.db #0x98	; 152
   0087 0C                  182 	.db #0x0C	; 12
   0088 24                  183 	.db #0x24	; 36
   0089 30                  184 	.db #0x30	; 48	'0'
   008A 30                  185 	.db #0x30	; 48	'0'
   008B 18                  186 	.db #0x18	; 24
   008C 0C                  187 	.db #0x0C	; 12
   008D 30                  188 	.db #0x30	; 48	'0'
   008E 30                  189 	.db #0x30	; 48	'0'
   008F CC                  190 	.db #0xCC	; 204
   0090 98                  191 	.db #0x98	; 152
   0091 0C                  192 	.db #0x0C	; 12
   0092 24                  193 	.db #0x24	; 36
   0093 30                  194 	.db #0x30	; 48	'0'
   0094 24                  195 	.db #0x24	; 36
   0095 18                  196 	.db #0x18	; 24
   0096 18                  197 	.db #0x18	; 24
   0097 30                  198 	.db #0x30	; 48	'0'
   0098 30                  199 	.db #0x30	; 48	'0'
   0099 CC                  200 	.db #0xCC	; 204
   009A 98                  201 	.db #0x98	; 152
   009B 0C                  202 	.db #0x0C	; 12
   009C 24                  203 	.db #0x24	; 36
   009D 0C                  204 	.db #0x0C	; 12
   009E 0C                  205 	.db #0x0C	; 12
   009F 30                  206 	.db #0x30	; 48	'0'
   00A0 18                  207 	.db #0x18	; 24
   00A1 30                  208 	.db #0x30	; 48	'0'
   00A2 30                  209 	.db #0x30	; 48	'0'
   00A3 CC                  210 	.db #0xCC	; 204
   00A4 98                  211 	.db #0x98	; 152
   00A5 24                  212 	.db #0x24	; 36
   00A6 30                  213 	.db #0x30	; 48	'0'
   00A7 0C                  214 	.db #0x0C	; 12
   00A8 18                  215 	.db #0x18	; 24
   00A9 24                  216 	.db #0x24	; 36
   00AA 18                  217 	.db #0x18	; 24
   00AB 30                  218 	.db #0x30	; 48	'0'
   00AC 30                  219 	.db #0x30	; 48	'0'
   00AD CC                  220 	.db #0xCC	; 204
   00AE 98                  221 	.db #0x98	; 152
   00AF 24                  222 	.db #0x24	; 36
   00B0 18                  223 	.db #0x18	; 24
   00B1 30                  224 	.db #0x30	; 48	'0'
   00B2 30                  225 	.db #0x30	; 48	'0'
   00B3 0C                  226 	.db #0x0C	; 12
   00B4 30                  227 	.db #0x30	; 48	'0'
   00B5 30                  228 	.db #0x30	; 48	'0'
   00B6 30                  229 	.db #0x30	; 48	'0'
   00B7 CC                  230 	.db #0xCC	; 204
   00B8 98                  231 	.db #0x98	; 152
   00B9 30                  232 	.db #0x30	; 48	'0'
   00BA 0C                  233 	.db #0x0C	; 12
   00BB 0C                  234 	.db #0x0C	; 12
   00BC 0C                  235 	.db #0x0C	; 12
   00BD 18                  236 	.db #0x18	; 24
   00BE 30                  237 	.db #0x30	; 48	'0'
   00BF 30                  238 	.db #0x30	; 48	'0'
   00C0 30                  239 	.db #0x30	; 48	'0'
   00C1 CC                  240 	.db #0xCC	; 204
   00C2 98                  241 	.db #0x98	; 152
   00C3 30                  242 	.db #0x30	; 48	'0'
   00C4 24                  243 	.db #0x24	; 36
   00C5 0C                  244 	.db #0x0C	; 12
   00C6 0C                  245 	.db #0x0C	; 12
   00C7 30                  246 	.db #0x30	; 48	'0'
   00C8 30                  247 	.db #0x30	; 48	'0'
   00C9 30                  248 	.db #0x30	; 48	'0'
                            249 	.area _INITIALIZER
                            250 	.area _CABS (ABS)
