                              1 ;--------------------------------------------------------
                              2 ; File Created by SDCC : free open source ANSI-C Compiler
                              3 ; Version 3.5.0 #9253 (Sep 22 2015) (CYGWIN)
                              4 ; This file was generated Fri Oct 23 22:04:38 2015
                              5 ;--------------------------------------------------------
                              6 	.module leon
                              7 	.optsdcc -mz80
                              8 	
                              9 ;--------------------------------------------------------
                             10 ; Public variables in this module
                             11 ;--------------------------------------------------------
                             12 	.globl _leon
                             13 	.globl _leon_tileset
                             14 ;--------------------------------------------------------
                             15 ; special function registers
                             16 ;--------------------------------------------------------
                             17 ;--------------------------------------------------------
                             18 ; ram data
                             19 ;--------------------------------------------------------
                             20 	.area _DATA
                             21 ;--------------------------------------------------------
                             22 ; ram data
                             23 ;--------------------------------------------------------
                             24 	.area _INITIALIZED
                             25 ;--------------------------------------------------------
                             26 ; absolute external ram data
                             27 ;--------------------------------------------------------
                             28 	.area _DABS (ABS)
                             29 ;--------------------------------------------------------
                             30 ; global & static initialisations
                             31 ;--------------------------------------------------------
                             32 	.area _HOME
                             33 	.area _GSINIT
                             34 	.area _GSFINAL
                             35 	.area _GSINIT
                             36 ;--------------------------------------------------------
                             37 ; Home
                             38 ;--------------------------------------------------------
                             39 	.area _HOME
                             40 	.area _HOME
                             41 ;--------------------------------------------------------
                             42 ; code
                             43 ;--------------------------------------------------------
                             44 	.area _CODE
                             45 	.area _CODE
   0000                      46 _leon_tileset:
   0000r02r00                47 	.dw _leon
   0002                      48 _leon:
   0002 30                   49 	.db #0x30	; 48	'0'
   0003 30                   50 	.db #0x30	; 48	'0'
   0004 30                   51 	.db #0x30	; 48	'0'
   0005 30                   52 	.db #0x30	; 48	'0'
   0006 30                   53 	.db #0x30	; 48	'0'
   0007 30                   54 	.db #0x30	; 48	'0'
   0008 30                   55 	.db #0x30	; 48	'0'
   0009 30                   56 	.db #0x30	; 48	'0'
   000A 30                   57 	.db #0x30	; 48	'0'
   000B 30                   58 	.db #0x30	; 48	'0'
   000C 30                   59 	.db #0x30	; 48	'0'
   000D 30                   60 	.db #0x30	; 48	'0'
   000E 30                   61 	.db #0x30	; 48	'0'
   000F 30                   62 	.db #0x30	; 48	'0'
   0010 30                   63 	.db #0x30	; 48	'0'
   0011 30                   64 	.db #0x30	; 48	'0'
   0012 30                   65 	.db #0x30	; 48	'0'
   0013 30                   66 	.db #0x30	; 48	'0'
   0014 30                   67 	.db #0x30	; 48	'0'
   0015 30                   68 	.db #0x30	; 48	'0'
   0016 30                   69 	.db #0x30	; 48	'0'
   0017 30                   70 	.db #0x30	; 48	'0'
   0018 30                   71 	.db #0x30	; 48	'0'
   0019 30                   72 	.db #0x30	; 48	'0'
   001A 0C                   73 	.db #0x0C	; 12
   001B 0C                   74 	.db #0x0C	; 12
   001C 30                   75 	.db #0x30	; 48	'0'
   001D 30                   76 	.db #0x30	; 48	'0'
   001E 30                   77 	.db #0x30	; 48	'0'
   001F 30                   78 	.db #0x30	; 48	'0'
   0020 30                   79 	.db #0x30	; 48	'0'
   0021 30                   80 	.db #0x30	; 48	'0'
   0022 0C                   81 	.db #0x0C	; 12
   0023 0C                   82 	.db #0x0C	; 12
   0024 0C                   83 	.db #0x0C	; 12
   0025 0C                   84 	.db #0x0C	; 12
   0026 0C                   85 	.db #0x0C	; 12
   0027 0C                   86 	.db #0x0C	; 12
   0028 30                   87 	.db #0x30	; 48	'0'
   0029 30                   88 	.db #0x30	; 48	'0'
   002A 30                   89 	.db #0x30	; 48	'0'
   002B 30                   90 	.db #0x30	; 48	'0'
   002C 0C                   91 	.db #0x0C	; 12
   002D 0C                   92 	.db #0x0C	; 12
   002E 0C                   93 	.db #0x0C	; 12
   002F 0C                   94 	.db #0x0C	; 12
   0030 0C                   95 	.db #0x0C	; 12
   0031 0C                   96 	.db #0x0C	; 12
   0032 30                   97 	.db #0x30	; 48	'0'
   0033 30                   98 	.db #0x30	; 48	'0'
   0034 30                   99 	.db #0x30	; 48	'0'
   0035 30                  100 	.db #0x30	; 48	'0'
   0036 0C                  101 	.db #0x0C	; 12
   0037 0C                  102 	.db #0x0C	; 12
   0038 0C                  103 	.db #0x0C	; 12
   0039 0C                  104 	.db #0x0C	; 12
   003A 0C                  105 	.db #0x0C	; 12
   003B 0C                  106 	.db #0x0C	; 12
   003C 30                  107 	.db #0x30	; 48	'0'
   003D 30                  108 	.db #0x30	; 48	'0'
   003E 30                  109 	.db #0x30	; 48	'0'
   003F 24                  110 	.db #0x24	; 36
   0040 0C                  111 	.db #0x0C	; 12
   0041 0C                  112 	.db #0x0C	; 12
   0042 04                  113 	.db #0x04	; 4
   0043 08                  114 	.db #0x08	; 8
   0044 0C                  115 	.db #0x0C	; 12
   0045 0C                  116 	.db #0x0C	; 12
   0046 18                  117 	.db #0x18	; 24
   0047 30                  118 	.db #0x30	; 48	'0'
   0048 30                  119 	.db #0x30	; 48	'0'
   0049 24                  120 	.db #0x24	; 36
   004A 0C                  121 	.db #0x0C	; 12
   004B 0C                  122 	.db #0x0C	; 12
   004C 0C                  123 	.db #0x0C	; 12
   004D 0C                  124 	.db #0x0C	; 12
   004E 0C                  125 	.db #0x0C	; 12
   004F 0C                  126 	.db #0x0C	; 12
   0050 18                  127 	.db #0x18	; 24
   0051 30                  128 	.db #0x30	; 48	'0'
   0052 30                  129 	.db #0x30	; 48	'0'
   0053 24                  130 	.db #0x24	; 36
   0054 0C                  131 	.db #0x0C	; 12
   0055 0C                  132 	.db #0x0C	; 12
   0056 00                  133 	.db #0x00	; 0
   0057 00                  134 	.db #0x00	; 0
   0058 0C                  135 	.db #0x0C	; 12
   0059 0C                  136 	.db #0x0C	; 12
   005A 18                  137 	.db #0x18	; 24
   005B 30                  138 	.db #0x30	; 48	'0'
   005C 30                  139 	.db #0x30	; 48	'0'
   005D 30                  140 	.db #0x30	; 48	'0'
   005E 0C                  141 	.db #0x0C	; 12
   005F 0C                  142 	.db #0x0C	; 12
   0060 00                  143 	.db #0x00	; 0
   0061 00                  144 	.db #0x00	; 0
   0062 0C                  145 	.db #0x0C	; 12
   0063 0C                  146 	.db #0x0C	; 12
   0064 30                  147 	.db #0x30	; 48	'0'
   0065 30                  148 	.db #0x30	; 48	'0'
   0066 24                  149 	.db #0x24	; 36
   0067 18                  150 	.db #0x18	; 24
   0068 24                  151 	.db #0x24	; 36
   0069 0C                  152 	.db #0x0C	; 12
   006A 0C                  153 	.db #0x0C	; 12
   006B 0C                  154 	.db #0x0C	; 12
   006C 0C                  155 	.db #0x0C	; 12
   006D 18                  156 	.db #0x18	; 24
   006E 30                  157 	.db #0x30	; 48	'0'
   006F 30                  158 	.db #0x30	; 48	'0'
   0070 30                  159 	.db #0x30	; 48	'0'
   0071 0C                  160 	.db #0x0C	; 12
   0072 30                  161 	.db #0x30	; 48	'0'
   0073 0C                  162 	.db #0x0C	; 12
   0074 0C                  163 	.db #0x0C	; 12
   0075 0C                  164 	.db #0x0C	; 12
   0076 0C                  165 	.db #0x0C	; 12
   0077 30                  166 	.db #0x30	; 48	'0'
   0078 30                  167 	.db #0x30	; 48	'0'
   0079 30                  168 	.db #0x30	; 48	'0'
   007A 30                  169 	.db #0x30	; 48	'0'
   007B 24                  170 	.db #0x24	; 36
   007C 18                  171 	.db #0x18	; 24
   007D 0C                  172 	.db #0x0C	; 12
   007E 0C                  173 	.db #0x0C	; 12
   007F 0C                  174 	.db #0x0C	; 12
   0080 0C                  175 	.db #0x0C	; 12
   0081 30                  176 	.db #0x30	; 48	'0'
   0082 30                  177 	.db #0x30	; 48	'0'
   0083 30                  178 	.db #0x30	; 48	'0'
   0084 30                  179 	.db #0x30	; 48	'0'
   0085 30                  180 	.db #0x30	; 48	'0'
   0086 0C                  181 	.db #0x0C	; 12
   0087 0C                  182 	.db #0x0C	; 12
   0088 0C                  183 	.db #0x0C	; 12
   0089 0C                  184 	.db #0x0C	; 12
   008A 0C                  185 	.db #0x0C	; 12
   008B 30                  186 	.db #0x30	; 48	'0'
   008C 30                  187 	.db #0x30	; 48	'0'
   008D 30                  188 	.db #0x30	; 48	'0'
   008E 30                  189 	.db #0x30	; 48	'0'
   008F 30                  190 	.db #0x30	; 48	'0'
   0090 30                  191 	.db #0x30	; 48	'0'
   0091 0C                  192 	.db #0x0C	; 12
   0092 0C                  193 	.db #0x0C	; 12
   0093 0C                  194 	.db #0x0C	; 12
   0094 0C                  195 	.db #0x0C	; 12
   0095 30                  196 	.db #0x30	; 48	'0'
   0096 30                  197 	.db #0x30	; 48	'0'
   0097 30                  198 	.db #0x30	; 48	'0'
   0098 30                  199 	.db #0x30	; 48	'0'
   0099 30                  200 	.db #0x30	; 48	'0'
   009A 30                  201 	.db #0x30	; 48	'0'
   009B 0C                  202 	.db #0x0C	; 12
   009C 0C                  203 	.db #0x0C	; 12
   009D 0C                  204 	.db #0x0C	; 12
   009E 0C                  205 	.db #0x0C	; 12
   009F 30                  206 	.db #0x30	; 48	'0'
   00A0 30                  207 	.db #0x30	; 48	'0'
   00A1 30                  208 	.db #0x30	; 48	'0'
   00A2 30                  209 	.db #0x30	; 48	'0'
   00A3 30                  210 	.db #0x30	; 48	'0'
   00A4 30                  211 	.db #0x30	; 48	'0'
   00A5 0C                  212 	.db #0x0C	; 12
   00A6 30                  213 	.db #0x30	; 48	'0'
   00A7 30                  214 	.db #0x30	; 48	'0'
   00A8 0C                  215 	.db #0x0C	; 12
   00A9 30                  216 	.db #0x30	; 48	'0'
   00AA 30                  217 	.db #0x30	; 48	'0'
   00AB 30                  218 	.db #0x30	; 48	'0'
   00AC 30                  219 	.db #0x30	; 48	'0'
   00AD 30                  220 	.db #0x30	; 48	'0'
   00AE 30                  221 	.db #0x30	; 48	'0'
   00AF 0C                  222 	.db #0x0C	; 12
   00B0 30                  223 	.db #0x30	; 48	'0'
   00B1 30                  224 	.db #0x30	; 48	'0'
   00B2 0C                  225 	.db #0x0C	; 12
   00B3 30                  226 	.db #0x30	; 48	'0'
   00B4 30                  227 	.db #0x30	; 48	'0'
   00B5 30                  228 	.db #0x30	; 48	'0'
   00B6 30                  229 	.db #0x30	; 48	'0'
   00B7 30                  230 	.db #0x30	; 48	'0'
   00B8 30                  231 	.db #0x30	; 48	'0'
   00B9 30                  232 	.db #0x30	; 48	'0'
   00BA 30                  233 	.db #0x30	; 48	'0'
   00BB 30                  234 	.db #0x30	; 48	'0'
   00BC 0C                  235 	.db #0x0C	; 12
   00BD 30                  236 	.db #0x30	; 48	'0'
   00BE 30                  237 	.db #0x30	; 48	'0'
   00BF 30                  238 	.db #0x30	; 48	'0'
   00C0 30                  239 	.db #0x30	; 48	'0'
   00C1 30                  240 	.db #0x30	; 48	'0'
   00C2 30                  241 	.db #0x30	; 48	'0'
   00C3 30                  242 	.db #0x30	; 48	'0'
   00C4 30                  243 	.db #0x30	; 48	'0'
   00C5 30                  244 	.db #0x30	; 48	'0'
   00C6 0C                  245 	.db #0x0C	; 12
   00C7 30                  246 	.db #0x30	; 48	'0'
   00C8 30                  247 	.db #0x30	; 48	'0'
   00C9 30                  248 	.db #0x30	; 48	'0'
                            249 	.area _INITIALIZER
                            250 	.area _CABS (ABS)
