                              1 ;--------------------------------------------------------
                              2 ; File Created by SDCC : free open source ANSI-C Compiler
                              3 ; Version 3.5.0 #9253 (Sep 22 2015) (CYGWIN)
                              4 ; This file was generated Fri Oct 23 22:04:38 2015
                              5 ;--------------------------------------------------------
                              6 	.module mierda
                              7 	.optsdcc -mz80
                              8 	
                              9 ;--------------------------------------------------------
                             10 ; Public variables in this module
                             11 ;--------------------------------------------------------
                             12 	.globl _mierda
                             13 	.globl _mierda_tileset
                             14 ;--------------------------------------------------------
                             15 ; special function registers
                             16 ;--------------------------------------------------------
                             17 ;--------------------------------------------------------
                             18 ; ram data
                             19 ;--------------------------------------------------------
                             20 	.area _DATA
                             21 ;--------------------------------------------------------
                             22 ; ram data
                             23 ;--------------------------------------------------------
                             24 	.area _INITIALIZED
                             25 ;--------------------------------------------------------
                             26 ; absolute external ram data
                             27 ;--------------------------------------------------------
                             28 	.area _DABS (ABS)
                             29 ;--------------------------------------------------------
                             30 ; global & static initialisations
                             31 ;--------------------------------------------------------
                             32 	.area _HOME
                             33 	.area _GSINIT
                             34 	.area _GSFINAL
                             35 	.area _GSINIT
                             36 ;--------------------------------------------------------
                             37 ; Home
                             38 ;--------------------------------------------------------
                             39 	.area _HOME
                             40 	.area _HOME
                             41 ;--------------------------------------------------------
                             42 ; code
                             43 ;--------------------------------------------------------
                             44 	.area _CODE
                             45 	.area _CODE
   0000                      46 _mierda_tileset:
   0000r02r00                47 	.dw _mierda
   0002                      48 _mierda:
   0002 30                   49 	.db #0x30	; 48	'0'
   0003 30                   50 	.db #0x30	; 48	'0'
   0004 30                   51 	.db #0x30	; 48	'0'
   0005 30                   52 	.db #0x30	; 48	'0'
   0006 30                   53 	.db #0x30	; 48	'0'
   0007 30                   54 	.db #0x30	; 48	'0'
   0008 30                   55 	.db #0x30	; 48	'0'
   0009 30                   56 	.db #0x30	; 48	'0'
   000A 30                   57 	.db #0x30	; 48	'0'
   000B 30                   58 	.db #0x30	; 48	'0'
   000C 30                   59 	.db #0x30	; 48	'0'
   000D 30                   60 	.db #0x30	; 48	'0'
   000E 30                   61 	.db #0x30	; 48	'0'
   000F 98                   62 	.db #0x98	; 152
   0010 30                   63 	.db #0x30	; 48	'0'
   0011 30                   64 	.db #0x30	; 48	'0'
   0012 30                   65 	.db #0x30	; 48	'0'
   0013 30                   66 	.db #0x30	; 48	'0'
   0014 30                   67 	.db #0x30	; 48	'0'
   0015 30                   68 	.db #0x30	; 48	'0'
   0016 30                   69 	.db #0x30	; 48	'0'
   0017 30                   70 	.db #0x30	; 48	'0'
   0018 30                   71 	.db #0x30	; 48	'0'
   0019 CC                   72 	.db #0xCC	; 204
   001A 30                   73 	.db #0x30	; 48	'0'
   001B 64                   74 	.db #0x64	; 100	'd'
   001C 30                   75 	.db #0x30	; 48	'0'
   001D 64                   76 	.db #0x64	; 100	'd'
   001E 30                   77 	.db #0x30	; 48	'0'
   001F 30                   78 	.db #0x30	; 48	'0'
   0020 64                   79 	.db #0x64	; 100	'd'
   0021 30                   80 	.db #0x30	; 48	'0'
   0022 30                   81 	.db #0x30	; 48	'0'
   0023 64                   82 	.db #0x64	; 100	'd'
   0024 30                   83 	.db #0x30	; 48	'0'
   0025 64                   84 	.db #0x64	; 100	'd'
   0026 30                   85 	.db #0x30	; 48	'0'
   0027 64                   86 	.db #0x64	; 100	'd'
   0028 98                   87 	.db #0x98	; 152
   0029 30                   88 	.db #0x30	; 48	'0'
   002A 64                   89 	.db #0x64	; 100	'd'
   002B 30                   90 	.db #0x30	; 48	'0'
   002C 30                   91 	.db #0x30	; 48	'0'
   002D 64                   92 	.db #0x64	; 100	'd'
   002E 30                   93 	.db #0x30	; 48	'0'
   002F 64                   94 	.db #0x64	; 100	'd'
   0030 98                   95 	.db #0x98	; 152
   0031 30                   96 	.db #0x30	; 48	'0'
   0032 CC                   97 	.db #0xCC	; 204
   0033 30                   98 	.db #0x30	; 48	'0'
   0034 64                   99 	.db #0x64	; 100	'd'
   0035 98                  100 	.db #0x98	; 152
   0036 30                  101 	.db #0x30	; 48	'0'
   0037 CC                  102 	.db #0xCC	; 204
   0038 30                  103 	.db #0x30	; 48	'0'
   0039 30                  104 	.db #0x30	; 48	'0'
   003A 98                  105 	.db #0x98	; 152
   003B 30                  106 	.db #0x30	; 48	'0'
   003C 64                  107 	.db #0x64	; 100	'd'
   003D 30                  108 	.db #0x30	; 48	'0'
   003E 30                  109 	.db #0x30	; 48	'0'
   003F 98                  110 	.db #0x98	; 152
   0040 30                  111 	.db #0x30	; 48	'0'
   0041 98                  112 	.db #0x98	; 152
   0042 30                  113 	.db #0x30	; 48	'0'
   0043 30                  114 	.db #0x30	; 48	'0'
   0044 CC                  115 	.db #0xCC	; 204
   0045 30                  116 	.db #0x30	; 48	'0'
   0046 64                  117 	.db #0x64	; 100	'd'
   0047 30                  118 	.db #0x30	; 48	'0'
   0048 30                  119 	.db #0x30	; 48	'0'
   0049 98                  120 	.db #0x98	; 152
   004A 30                  121 	.db #0x30	; 48	'0'
   004B 98                  122 	.db #0x98	; 152
   004C 24                  123 	.db #0x24	; 36
   004D 18                  124 	.db #0x18	; 24
   004E 30                  125 	.db #0x30	; 48	'0'
   004F 30                  126 	.db #0x30	; 48	'0'
   0050 CC                  127 	.db #0xCC	; 204
   0051 30                  128 	.db #0x30	; 48	'0'
   0052 30                  129 	.db #0x30	; 48	'0'
   0053 98                  130 	.db #0x98	; 152
   0054 30                  131 	.db #0x30	; 48	'0'
   0055 30                  132 	.db #0x30	; 48	'0'
   0056 24                  133 	.db #0x24	; 36
   0057 18                  134 	.db #0x18	; 24
   0058 30                  135 	.db #0x30	; 48	'0'
   0059 30                  136 	.db #0x30	; 48	'0'
   005A 98                  137 	.db #0x98	; 152
   005B 30                  138 	.db #0x30	; 48	'0'
   005C 30                  139 	.db #0x30	; 48	'0'
   005D 30                  140 	.db #0x30	; 48	'0'
   005E 30                  141 	.db #0x30	; 48	'0'
   005F 0C                  142 	.db #0x0C	; 12
   0060 0C                  143 	.db #0x0C	; 12
   0061 0C                  144 	.db #0x0C	; 12
   0062 0C                  145 	.db #0x0C	; 12
   0063 30                  146 	.db #0x30	; 48	'0'
   0064 98                  147 	.db #0x98	; 152
   0065 30                  148 	.db #0x30	; 48	'0'
   0066 30                  149 	.db #0x30	; 48	'0'
   0067 30                  150 	.db #0x30	; 48	'0'
   0068 30                  151 	.db #0x30	; 48	'0'
   0069 0C                  152 	.db #0x0C	; 12
   006A 4C                  153 	.db #0x4C	; 76	'L'
   006B 0C                  154 	.db #0x0C	; 12
   006C 0C                  155 	.db #0x0C	; 12
   006D 30                  156 	.db #0x30	; 48	'0'
   006E 30                  157 	.db #0x30	; 48	'0'
   006F 30                  158 	.db #0x30	; 48	'0'
   0070 30                  159 	.db #0x30	; 48	'0'
   0071 30                  160 	.db #0x30	; 48	'0'
   0072 0C                  161 	.db #0x0C	; 12
   0073 0C                  162 	.db #0x0C	; 12
   0074 0C                  163 	.db #0x0C	; 12
   0075 0C                  164 	.db #0x0C	; 12
   0076 0C                  165 	.db #0x0C	; 12
   0077 0C                  166 	.db #0x0C	; 12
   0078 30                  167 	.db #0x30	; 48	'0'
   0079 30                  168 	.db #0x30	; 48	'0'
   007A 30                  169 	.db #0x30	; 48	'0'
   007B 30                  170 	.db #0x30	; 48	'0'
   007C 0C                  171 	.db #0x0C	; 12
   007D 8C                  172 	.db #0x8C	; 140
   007E 0C                  173 	.db #0x0C	; 12
   007F 0C                  174 	.db #0x0C	; 12
   0080 8C                  175 	.db #0x8C	; 140
   0081 0C                  176 	.db #0x0C	; 12
   0082 30                  177 	.db #0x30	; 48	'0'
   0083 30                  178 	.db #0x30	; 48	'0'
   0084 30                  179 	.db #0x30	; 48	'0'
   0085 30                  180 	.db #0x30	; 48	'0'
   0086 0C                  181 	.db #0x0C	; 12
   0087 0C                  182 	.db #0x0C	; 12
   0088 0C                  183 	.db #0x0C	; 12
   0089 0C                  184 	.db #0x0C	; 12
   008A 0C                  185 	.db #0x0C	; 12
   008B 0C                  186 	.db #0x0C	; 12
   008C 30                  187 	.db #0x30	; 48	'0'
   008D 30                  188 	.db #0x30	; 48	'0'
   008E 30                  189 	.db #0x30	; 48	'0'
   008F 0C                  190 	.db #0x0C	; 12
   0090 0C                  191 	.db #0x0C	; 12
   0091 0C                  192 	.db #0x0C	; 12
   0092 4C                  193 	.db #0x4C	; 76	'L'
   0093 0C                  194 	.db #0x0C	; 12
   0094 0C                  195 	.db #0x0C	; 12
   0095 0C                  196 	.db #0x0C	; 12
   0096 0C                  197 	.db #0x0C	; 12
   0097 30                  198 	.db #0x30	; 48	'0'
   0098 30                  199 	.db #0x30	; 48	'0'
   0099 0C                  200 	.db #0x0C	; 12
   009A 0C                  201 	.db #0x0C	; 12
   009B 0C                  202 	.db #0x0C	; 12
   009C 0C                  203 	.db #0x0C	; 12
   009D 0C                  204 	.db #0x0C	; 12
   009E 0C                  205 	.db #0x0C	; 12
   009F 8C                  206 	.db #0x8C	; 140
   00A0 0C                  207 	.db #0x0C	; 12
   00A1 30                  208 	.db #0x30	; 48	'0'
   00A2 30                  209 	.db #0x30	; 48	'0'
   00A3 0C                  210 	.db #0x0C	; 12
   00A4 0C                  211 	.db #0x0C	; 12
   00A5 0C                  212 	.db #0x0C	; 12
   00A6 0C                  213 	.db #0x0C	; 12
   00A7 0C                  214 	.db #0x0C	; 12
   00A8 0C                  215 	.db #0x0C	; 12
   00A9 0C                  216 	.db #0x0C	; 12
   00AA 0C                  217 	.db #0x0C	; 12
   00AB 30                  218 	.db #0x30	; 48	'0'
   00AC 0C                  219 	.db #0x0C	; 12
   00AD 0C                  220 	.db #0x0C	; 12
   00AE 4C                  221 	.db #0x4C	; 76	'L'
   00AF 0C                  222 	.db #0x0C	; 12
   00B0 0C                  223 	.db #0x0C	; 12
   00B1 0C                  224 	.db #0x0C	; 12
   00B2 0C                  225 	.db #0x0C	; 12
   00B3 0C                  226 	.db #0x0C	; 12
   00B4 0C                  227 	.db #0x0C	; 12
   00B5 0C                  228 	.db #0x0C	; 12
   00B6 0C                  229 	.db #0x0C	; 12
   00B7 0C                  230 	.db #0x0C	; 12
   00B8 0C                  231 	.db #0x0C	; 12
   00B9 0C                  232 	.db #0x0C	; 12
   00BA 0C                  233 	.db #0x0C	; 12
   00BB 0C                  234 	.db #0x0C	; 12
   00BC 8C                  235 	.db #0x8C	; 140
   00BD 0C                  236 	.db #0x0C	; 12
   00BE 0C                  237 	.db #0x0C	; 12
   00BF 0C                  238 	.db #0x0C	; 12
   00C0 0C                  239 	.db #0x0C	; 12
   00C1 0C                  240 	.db #0x0C	; 12
   00C2 0C                  241 	.db #0x0C	; 12
   00C3 0C                  242 	.db #0x0C	; 12
   00C4 0C                  243 	.db #0x0C	; 12
   00C5 0C                  244 	.db #0x0C	; 12
   00C6 0C                  245 	.db #0x0C	; 12
   00C7 0C                  246 	.db #0x0C	; 12
   00C8 0C                  247 	.db #0x0C	; 12
   00C9 0C                  248 	.db #0x0C	; 12
                            249 	.area _INITIALIZER
                            250 	.area _CABS (ABS)
