                              1 ;--------------------------------------------------------
                              2 ; File Created by SDCC : free open source ANSI-C Compiler
                              3 ; Version 3.5.0 #9253 (Sep 22 2015) (CYGWIN)
                              4 ; This file was generated Fri Oct 23 22:04:38 2015
                              5 ;--------------------------------------------------------
                              6 	.module mono
                              7 	.optsdcc -mz80
                              8 	
                              9 ;--------------------------------------------------------
                             10 ; Public variables in this module
                             11 ;--------------------------------------------------------
                             12 	.globl _mono
                             13 	.globl _mono_tileset
                             14 ;--------------------------------------------------------
                             15 ; special function registers
                             16 ;--------------------------------------------------------
                             17 ;--------------------------------------------------------
                             18 ; ram data
                             19 ;--------------------------------------------------------
                             20 	.area _DATA
                             21 ;--------------------------------------------------------
                             22 ; ram data
                             23 ;--------------------------------------------------------
                             24 	.area _INITIALIZED
                             25 ;--------------------------------------------------------
                             26 ; absolute external ram data
                             27 ;--------------------------------------------------------
                             28 	.area _DABS (ABS)
                             29 ;--------------------------------------------------------
                             30 ; global & static initialisations
                             31 ;--------------------------------------------------------
                             32 	.area _HOME
                             33 	.area _GSINIT
                             34 	.area _GSFINAL
                             35 	.area _GSINIT
                             36 ;--------------------------------------------------------
                             37 ; Home
                             38 ;--------------------------------------------------------
                             39 	.area _HOME
                             40 	.area _HOME
                             41 ;--------------------------------------------------------
                             42 ; code
                             43 ;--------------------------------------------------------
                             44 	.area _CODE
                             45 	.area _CODE
   0000                      46 _mono_tileset:
   0000r02r00                47 	.dw _mono
   0002                      48 _mono:
   0002 30                   49 	.db #0x30	; 48	'0'
   0003 30                   50 	.db #0x30	; 48	'0'
   0004 30                   51 	.db #0x30	; 48	'0'
   0005 30                   52 	.db #0x30	; 48	'0'
   0006 30                   53 	.db #0x30	; 48	'0'
   0007 30                   54 	.db #0x30	; 48	'0'
   0008 30                   55 	.db #0x30	; 48	'0'
   0009 30                   56 	.db #0x30	; 48	'0'
   000A 30                   57 	.db #0x30	; 48	'0'
   000B 30                   58 	.db #0x30	; 48	'0'
   000C 30                   59 	.db #0x30	; 48	'0'
   000D 30                   60 	.db #0x30	; 48	'0'
   000E 30                   61 	.db #0x30	; 48	'0'
   000F 30                   62 	.db #0x30	; 48	'0'
   0010 30                   63 	.db #0x30	; 48	'0'
   0011 30                   64 	.db #0x30	; 48	'0'
   0012 30                   65 	.db #0x30	; 48	'0'
   0013 30                   66 	.db #0x30	; 48	'0'
   0014 30                   67 	.db #0x30	; 48	'0'
   0015 30                   68 	.db #0x30	; 48	'0'
   0016 30                   69 	.db #0x30	; 48	'0'
   0017 30                   70 	.db #0x30	; 48	'0'
   0018 30                   71 	.db #0x30	; 48	'0'
   0019 30                   72 	.db #0x30	; 48	'0'
   001A 30                   73 	.db #0x30	; 48	'0'
   001B 30                   74 	.db #0x30	; 48	'0'
   001C 30                   75 	.db #0x30	; 48	'0'
   001D 30                   76 	.db #0x30	; 48	'0'
   001E 30                   77 	.db #0x30	; 48	'0'
   001F 30                   78 	.db #0x30	; 48	'0'
   0020 30                   79 	.db #0x30	; 48	'0'
   0021 30                   80 	.db #0x30	; 48	'0'
   0022 30                   81 	.db #0x30	; 48	'0'
   0023 30                   82 	.db #0x30	; 48	'0'
   0024 30                   83 	.db #0x30	; 48	'0'
   0025 30                   84 	.db #0x30	; 48	'0'
   0026 30                   85 	.db #0x30	; 48	'0'
   0027 30                   86 	.db #0x30	; 48	'0'
   0028 30                   87 	.db #0x30	; 48	'0'
   0029 30                   88 	.db #0x30	; 48	'0'
   002A 30                   89 	.db #0x30	; 48	'0'
   002B 30                   90 	.db #0x30	; 48	'0'
   002C 64                   91 	.db #0x64	; 100	'd'
   002D CC                   92 	.db #0xCC	; 204
   002E 30                   93 	.db #0x30	; 48	'0'
   002F 90                   94 	.db #0x90	; 144
   0030 30                   95 	.db #0x30	; 48	'0'
   0031 30                   96 	.db #0x30	; 48	'0'
   0032 30                   97 	.db #0x30	; 48	'0'
   0033 30                   98 	.db #0x30	; 48	'0'
   0034 30                   99 	.db #0x30	; 48	'0'
   0035 30                  100 	.db #0x30	; 48	'0'
   0036 CC                  101 	.db #0xCC	; 204
   0037 CC                  102 	.db #0xCC	; 204
   0038 98                  103 	.db #0x98	; 152
   0039 C0                  104 	.db #0xC0	; 192
   003A 30                  105 	.db #0x30	; 48	'0'
   003B 30                  106 	.db #0x30	; 48	'0'
   003C 30                  107 	.db #0x30	; 48	'0'
   003D 30                  108 	.db #0x30	; 48	'0'
   003E 30                  109 	.db #0x30	; 48	'0'
   003F 64                  110 	.db #0x64	; 100	'd'
   0040 88                  111 	.db #0x88	; 136
   0041 80                  112 	.db #0x80	; 128
   0042 CC                  113 	.db #0xCC	; 204
   0043 C4                  114 	.db #0xC4	; 196
   0044 30                  115 	.db #0x30	; 48	'0'
   0045 30                  116 	.db #0x30	; 48	'0'
   0046 30                  117 	.db #0x30	; 48	'0'
   0047 30                  118 	.db #0x30	; 48	'0'
   0048 30                  119 	.db #0x30	; 48	'0'
   0049 64                  120 	.db #0x64	; 100	'd'
   004A C8                  121 	.db #0xC8	; 200
   004B C0                  122 	.db #0xC0	; 192
   004C CC                  123 	.db #0xCC	; 204
   004D C4                  124 	.db #0xC4	; 196
   004E 30                  125 	.db #0x30	; 48	'0'
   004F CC                  126 	.db #0xCC	; 204
   0050 CC                  127 	.db #0xCC	; 204
   0051 98                  128 	.db #0x98	; 152
   0052 30                  129 	.db #0x30	; 48	'0'
   0053 30                  130 	.db #0x30	; 48	'0'
   0054 C8                  131 	.db #0xC8	; 200
   0055 40                  132 	.db #0x40	; 64
   0056 98                  133 	.db #0x98	; 152
   0057 CC                  134 	.db #0xCC	; 204
   0058 64                  135 	.db #0x64	; 100	'd'
   0059 98                  136 	.db #0x98	; 152
   005A 30                  137 	.db #0x30	; 48	'0'
   005B CC                  138 	.db #0xCC	; 204
   005C 30                  139 	.db #0x30	; 48	'0'
   005D 30                  140 	.db #0x30	; 48	'0'
   005E 64                  141 	.db #0x64	; 100	'd'
   005F C4                  142 	.db #0xC4	; 196
   0060 30                  143 	.db #0x30	; 48	'0'
   0061 98                  144 	.db #0x98	; 152
   0062 CC                  145 	.db #0xCC	; 204
   0063 30                  146 	.db #0x30	; 48	'0'
   0064 30                  147 	.db #0x30	; 48	'0'
   0065 64                  148 	.db #0x64	; 100	'd'
   0066 64                  149 	.db #0x64	; 100	'd'
   0067 CC                  150 	.db #0xCC	; 204
   0068 CC                  151 	.db #0xCC	; 204
   0069 C4                  152 	.db #0xC4	; 196
   006A CC                  153 	.db #0xCC	; 204
   006B 98                  154 	.db #0x98	; 152
   006C 98                  155 	.db #0x98	; 152
   006D 64                  156 	.db #0x64	; 100	'd'
   006E 98                  157 	.db #0x98	; 152
   006F 64                  158 	.db #0x64	; 100	'd'
   0070 64                  159 	.db #0x64	; 100	'd'
   0071 64                  160 	.db #0x64	; 100	'd'
   0072 C8                  161 	.db #0xC8	; 200
   0073 C0                  162 	.db #0xC0	; 192
   0074 CC                  163 	.db #0xCC	; 204
   0075 30                  164 	.db #0x30	; 48	'0'
   0076 98                  165 	.db #0x98	; 152
   0077 64                  166 	.db #0x64	; 100	'd'
   0078 98                  167 	.db #0x98	; 152
   0079 CC                  168 	.db #0xCC	; 204
   007A CC                  169 	.db #0xCC	; 204
   007B 30                  170 	.db #0x30	; 48	'0'
   007C C8                  171 	.db #0xC8	; 200
   007D C0                  172 	.db #0xC0	; 192
   007E 98                  173 	.db #0x98	; 152
   007F 30                  174 	.db #0x30	; 48	'0'
   0080 CC                  175 	.db #0xCC	; 204
   0081 30                  176 	.db #0x30	; 48	'0'
   0082 98                  177 	.db #0x98	; 152
   0083 98                  178 	.db #0x98	; 152
   0084 90                  179 	.db #0x90	; 144
   0085 30                  180 	.db #0x30	; 48	'0'
   0086 64                  181 	.db #0x64	; 100	'd'
   0087 C4                  182 	.db #0xC4	; 196
   0088 30                  183 	.db #0x30	; 48	'0'
   0089 30                  184 	.db #0x30	; 48	'0'
   008A 64                  185 	.db #0x64	; 100	'd'
   008B CC                  186 	.db #0xCC	; 204
   008C 98                  187 	.db #0x98	; 152
   008D 98                  188 	.db #0x98	; 152
   008E C0                  189 	.db #0xC0	; 192
   008F 30                  190 	.db #0x30	; 48	'0'
   0090 64                  191 	.db #0x64	; 100	'd'
   0091 C4                  192 	.db #0xC4	; 196
   0092 CC                  193 	.db #0xCC	; 204
   0093 CC                  194 	.db #0xCC	; 204
   0094 30                  195 	.db #0x30	; 48	'0'
   0095 30                  196 	.db #0x30	; 48	'0'
   0096 64                  197 	.db #0x64	; 100	'd'
   0097 98                  198 	.db #0x98	; 152
   0098 30                  199 	.db #0x30	; 48	'0'
   0099 30                  200 	.db #0x30	; 48	'0'
   009A CC                  201 	.db #0xCC	; 204
   009B CC                  202 	.db #0xCC	; 204
   009C 98                  203 	.db #0x98	; 152
   009D 64                  204 	.db #0x64	; 100	'd'
   009E 98                  205 	.db #0x98	; 152
   009F 30                  206 	.db #0x30	; 48	'0'
   00A0 CC                  207 	.db #0xCC	; 204
   00A1 30                  208 	.db #0x30	; 48	'0'
   00A2 30                  209 	.db #0x30	; 48	'0'
   00A3 64                  210 	.db #0x64	; 100	'd'
   00A4 98                  211 	.db #0x98	; 152
   00A5 30                  212 	.db #0x30	; 48	'0'
   00A6 CC                  213 	.db #0xCC	; 204
   00A7 30                  214 	.db #0x30	; 48	'0'
   00A8 CC                  215 	.db #0xCC	; 204
   00A9 CC                  216 	.db #0xCC	; 204
   00AA 98                  217 	.db #0x98	; 152
   00AB 30                  218 	.db #0x30	; 48	'0'
   00AC 30                  219 	.db #0x30	; 48	'0'
   00AD 64                  220 	.db #0x64	; 100	'd'
   00AE 30                  221 	.db #0x30	; 48	'0'
   00AF 30                  222 	.db #0x30	; 48	'0'
   00B0 64                  223 	.db #0x64	; 100	'd'
   00B1 30                  224 	.db #0x30	; 48	'0'
   00B2 30                  225 	.db #0x30	; 48	'0'
   00B3 30                  226 	.db #0x30	; 48	'0'
   00B4 30                  227 	.db #0x30	; 48	'0'
   00B5 30                  228 	.db #0x30	; 48	'0'
   00B6 30                  229 	.db #0x30	; 48	'0'
   00B7 CC                  230 	.db #0xCC	; 204
   00B8 30                  231 	.db #0x30	; 48	'0'
   00B9 30                  232 	.db #0x30	; 48	'0'
   00BA 64                  233 	.db #0x64	; 100	'd'
   00BB 98                  234 	.db #0x98	; 152
   00BC 30                  235 	.db #0x30	; 48	'0'
   00BD 30                  236 	.db #0x30	; 48	'0'
   00BE 30                  237 	.db #0x30	; 48	'0'
   00BF 30                  238 	.db #0x30	; 48	'0'
   00C0 60                  239 	.db #0x60	; 96
   00C1 90                  240 	.db #0x90	; 144
   00C2 30                  241 	.db #0x30	; 48	'0'
   00C3 30                  242 	.db #0x30	; 48	'0'
   00C4 30                  243 	.db #0x30	; 48	'0'
   00C5 C0                  244 	.db #0xC0	; 192
   00C6 30                  245 	.db #0x30	; 48	'0'
   00C7 30                  246 	.db #0x30	; 48	'0'
   00C8 30                  247 	.db #0x30	; 48	'0'
   00C9 30                  248 	.db #0x30	; 48	'0'
                            249 	.area _INITIALIZER
                            250 	.area _CABS (ABS)
