                              1 ;--------------------------------------------------------
                              2 ; File Created by SDCC : free open source ANSI-C Compiler
                              3 ; Version 3.5.4 #9329 (CYGWIN)
                              4 ; This file was generated Fri Oct 23 12:41:15 2015
                              5 ;--------------------------------------------------------
                              6 	.module music
                              7 	.optsdcc -mz80
                              8 	
                              9 ;--------------------------------------------------------
                             10 ; Public variables in this module
                             11 ;--------------------------------------------------------
                             12 	.globl _G_CancionRetro
                             13 ;--------------------------------------------------------
                             14 ; special function registers
                             15 ;--------------------------------------------------------
                             16 ;--------------------------------------------------------
                             17 ; ram data
                             18 ;--------------------------------------------------------
                             19 	.area _DATA
                             20 ;--------------------------------------------------------
                             21 ; ram data
                             22 ;--------------------------------------------------------
                             23 	.area _INITIALIZED
                             24 ;--------------------------------------------------------
                             25 ; absolute external ram data
                             26 ;--------------------------------------------------------
                             27 	.area _DABS (ABS)
                             28 ;--------------------------------------------------------
                             29 ; global & static initialisations
                             30 ;--------------------------------------------------------
                             31 	.area _HOME
                             32 	.area _GSINIT
                             33 	.area _GSFINAL
                             34 	.area _GSINIT
                             35 ;--------------------------------------------------------
                             36 ; Home
                             37 ;--------------------------------------------------------
                             38 	.area _HOME
                             39 	.area _HOME
                             40 ;--------------------------------------------------------
                             41 ; code
                             42 ;--------------------------------------------------------
                             43 	.area _CODE
                             44 	.area _CODE
                             45 	.area _INITIALIZER
                             46 	.area _CABS (ABS)
   2000                      47 	.org 0x2000
   2000                      48 _G_CancionRetro:
   2000 41                   49 	.db #0x41	; 65	'A'
   2001 54                   50 	.db #0x54	; 84	'T'
   2002 31                   51 	.db #0x31	; 49	'1'
   2003 30                   52 	.db #0x30	; 48	'0'
   2004 01                   53 	.db #0x01	; 1
   2005 40                   54 	.db #0x40	; 64
   2006 42                   55 	.db #0x42	; 66	'B'
   2007 0F                   56 	.db #0x0F	; 15
   2008 02                   57 	.db #0x02	; 2
   2009 07                   58 	.db #0x07	; 7
   200A 21                   59 	.db #0x21	; 33
   200B 00                   60 	.db #0x00	; 0
   200C 10                   61 	.db #0x10	; 16
   200D 20                   62 	.db #0x20	; 32
   200E 19                   63 	.db #0x19	; 25
   200F 20                   64 	.db #0x20	; 32
   2010 00                   65 	.db #0x00	; 0
   2011 00                   66 	.db #0x00	; 0
   2012 00                   67 	.db #0x00	; 0
   2013 00                   68 	.db #0x00	; 0
   2014 00                   69 	.db #0x00	; 0
   2015 00                   70 	.db #0x00	; 0
   2016 0D                   71 	.db #0x0D	; 13
   2017 12                   72 	.db #0x12	; 18
   2018 20                   73 	.db #0x20	; 32
   2019 01                   74 	.db #0x01	; 1
   201A 00                   75 	.db #0x00	; 0
   201B 3C                   76 	.db #0x3C	; 60
   201C 38                   77 	.db #0x38	; 56	'8'
   201D 34                   78 	.db #0x34	; 52	'4'
   201E 30                   79 	.db #0x30	; 48	'0'
   201F 2C                   80 	.db #0x2C	; 44
   2020 28                   81 	.db #0x28	; 40
   2021 24                   82 	.db #0x24	; 36
   2022 20                   83 	.db #0x20	; 32
   2023 1C                   84 	.db #0x1C	; 28
   2024 18                   85 	.db #0x18	; 24
   2025 14                   86 	.db #0x14	; 20
   2026 10                   87 	.db #0x10	; 16
   2027 0C                   88 	.db #0x0C	; 12
   2028 08                   89 	.db #0x08	; 8
   2029 04                   90 	.db #0x04	; 4
   202A 0D                   91 	.db #0x0D	; 13
   202B 12                   92 	.db #0x12	; 18
   202C 20                   93 	.db #0x20	; 32
   202D 40                   94 	.db #0x40	; 64
   202E 00                   95 	.db #0x00	; 0
   202F 00                   96 	.db #0x00	; 0
   2030 00                   97 	.db #0x00	; 0
   2031 3D                   98 	.db #0x3D	; 61
   2032 20                   99 	.db #0x20	; 32
   2033 00                  100 	.db #0x00	; 0
   2034 3E                  101 	.db #0x3E	; 62
   2035 20                  102 	.db #0x20	; 32
   2036 82                  103 	.db #0x82	; 130
   2037 20                  104 	.db #0x20	; 32
   2038 C6                  105 	.db #0xC6	; 198
   2039 20                  106 	.db #0x20	; 32
   203A 01                  107 	.db #0x01	; 1
   203B 33                  108 	.db #0x33	; 51	'3'
   203C 20                  109 	.db #0x20	; 32
   203D 00                  110 	.db #0x00	; 0
   203E A6                  111 	.db #0xA6	; 166
   203F E3                  112 	.db #0xE3	; 227
   2040 00                  113 	.db #0x00	; 0
   2041 00                  114 	.db #0x00	; 0
   2042 01                  115 	.db #0x01	; 1
   2043 67                  116 	.db #0x67	; 103	'g'
   2044 67                  117 	.db #0x67	; 103	'g'
   2045 67                  118 	.db #0x67	; 103	'g'
   2046 67                  119 	.db #0x67	; 103	'g'
   2047 67                  120 	.db #0x67	; 103	'g'
   2048 67                  121 	.db #0x67	; 103	'g'
   2049 67                  122 	.db #0x67	; 103	'g'
   204A 67                  123 	.db #0x67	; 103	'g'
   204B 67                  124 	.db #0x67	; 103	'g'
   204C 67                  125 	.db #0x67	; 103	'g'
   204D 67                  126 	.db #0x67	; 103	'g'
   204E 67                  127 	.db #0x67	; 103	'g'
   204F 67                  128 	.db #0x67	; 103	'g'
   2050 67                  129 	.db #0x67	; 103	'g'
   2051 67                  130 	.db #0x67	; 103	'g'
   2052 6B                  131 	.db #0x6B	; 107	'k'
   2053 6B                  132 	.db #0x6B	; 107	'k'
   2054 6B                  133 	.db #0x6B	; 107	'k'
   2055 6B                  134 	.db #0x6B	; 107	'k'
   2056 6B                  135 	.db #0x6B	; 107	'k'
   2057 6B                  136 	.db #0x6B	; 107	'k'
   2058 6B                  137 	.db #0x6B	; 107	'k'
   2059 6B                  138 	.db #0x6B	; 107	'k'
   205A 6B                  139 	.db #0x6B	; 107	'k'
   205B 6B                  140 	.db #0x6B	; 107	'k'
   205C 6B                  141 	.db #0x6B	; 107	'k'
   205D 6B                  142 	.db #0x6B	; 107	'k'
   205E 6B                  143 	.db #0x6B	; 107	'k'
   205F 6B                  144 	.db #0x6B	; 107	'k'
   2060 6B                  145 	.db #0x6B	; 107	'k'
   2061 67                  146 	.db #0x67	; 103	'g'
   2062 67                  147 	.db #0x67	; 103	'g'
   2063 67                  148 	.db #0x67	; 103	'g'
   2064 67                  149 	.db #0x67	; 103	'g'
   2065 67                  150 	.db #0x67	; 103	'g'
   2066 67                  151 	.db #0x67	; 103	'g'
   2067 67                  152 	.db #0x67	; 103	'g'
   2068 67                  153 	.db #0x67	; 103	'g'
   2069 67                  154 	.db #0x67	; 103	'g'
   206A 67                  155 	.db #0x67	; 103	'g'
   206B 67                  156 	.db #0x67	; 103	'g'
   206C 67                  157 	.db #0x67	; 103	'g'
   206D 67                  158 	.db #0x67	; 103	'g'
   206E 67                  159 	.db #0x67	; 103	'g'
   206F 67                  160 	.db #0x67	; 103	'g'
   2070 67                  161 	.db #0x67	; 103	'g'
   2071 67                  162 	.db #0x67	; 103	'g'
   2072 6B                  163 	.db #0x6B	; 107	'k'
   2073 6B                  164 	.db #0x6B	; 107	'k'
   2074 6B                  165 	.db #0x6B	; 107	'k'
   2075 6B                  166 	.db #0x6B	; 107	'k'
   2076 6B                  167 	.db #0x6B	; 107	'k'
   2077 6B                  168 	.db #0x6B	; 107	'k'
   2078 6B                  169 	.db #0x6B	; 107	'k'
   2079 6B                  170 	.db #0x6B	; 107	'k'
   207A 6B                  171 	.db #0x6B	; 107	'k'
   207B 6B                  172 	.db #0x6B	; 107	'k'
   207C 67                  173 	.db #0x67	; 103	'g'
   207D 67                  174 	.db #0x67	; 103	'g'
   207E 6B                  175 	.db #0x6B	; 107	'k'
   207F 6B                  176 	.db #0x6B	; 107	'k'
   2080 6D                  177 	.db #0x6D	; 109	'm'
   2081 6D                  178 	.db #0x6D	; 109	'm'
   2082 A6                  179 	.db #0xA6	; 166
   2083 E0                  180 	.db #0xE0	; 224
   2084 00                  181 	.db #0x00	; 0
   2085 00                  182 	.db #0x00	; 0
   2086 01                  183 	.db #0x01	; 1
   2087 67                  184 	.db #0x67	; 103	'g'
   2088 67                  185 	.db #0x67	; 103	'g'
   2089 67                  186 	.db #0x67	; 103	'g'
   208A 67                  187 	.db #0x67	; 103	'g'
   208B 67                  188 	.db #0x67	; 103	'g'
   208C 67                  189 	.db #0x67	; 103	'g'
   208D 67                  190 	.db #0x67	; 103	'g'
   208E 67                  191 	.db #0x67	; 103	'g'
   208F 67                  192 	.db #0x67	; 103	'g'
   2090 67                  193 	.db #0x67	; 103	'g'
   2091 67                  194 	.db #0x67	; 103	'g'
   2092 67                  195 	.db #0x67	; 103	'g'
   2093 67                  196 	.db #0x67	; 103	'g'
   2094 67                  197 	.db #0x67	; 103	'g'
   2095 67                  198 	.db #0x67	; 103	'g'
   2096 6B                  199 	.db #0x6B	; 107	'k'
   2097 6B                  200 	.db #0x6B	; 107	'k'
   2098 6B                  201 	.db #0x6B	; 107	'k'
   2099 6B                  202 	.db #0x6B	; 107	'k'
   209A 6B                  203 	.db #0x6B	; 107	'k'
   209B 6B                  204 	.db #0x6B	; 107	'k'
   209C 6B                  205 	.db #0x6B	; 107	'k'
   209D 6B                  206 	.db #0x6B	; 107	'k'
   209E 6B                  207 	.db #0x6B	; 107	'k'
   209F 6B                  208 	.db #0x6B	; 107	'k'
   20A0 6B                  209 	.db #0x6B	; 107	'k'
   20A1 6B                  210 	.db #0x6B	; 107	'k'
   20A2 6B                  211 	.db #0x6B	; 107	'k'
   20A3 6B                  212 	.db #0x6B	; 107	'k'
   20A4 6B                  213 	.db #0x6B	; 107	'k'
   20A5 67                  214 	.db #0x67	; 103	'g'
   20A6 67                  215 	.db #0x67	; 103	'g'
   20A7 67                  216 	.db #0x67	; 103	'g'
   20A8 67                  217 	.db #0x67	; 103	'g'
   20A9 67                  218 	.db #0x67	; 103	'g'
   20AA 67                  219 	.db #0x67	; 103	'g'
   20AB 67                  220 	.db #0x67	; 103	'g'
   20AC 67                  221 	.db #0x67	; 103	'g'
   20AD 67                  222 	.db #0x67	; 103	'g'
   20AE 67                  223 	.db #0x67	; 103	'g'
   20AF 67                  224 	.db #0x67	; 103	'g'
   20B0 67                  225 	.db #0x67	; 103	'g'
   20B1 67                  226 	.db #0x67	; 103	'g'
   20B2 67                  227 	.db #0x67	; 103	'g'
   20B3 67                  228 	.db #0x67	; 103	'g'
   20B4 67                  229 	.db #0x67	; 103	'g'
   20B5 67                  230 	.db #0x67	; 103	'g'
   20B6 6B                  231 	.db #0x6B	; 107	'k'
   20B7 6B                  232 	.db #0x6B	; 107	'k'
   20B8 6B                  233 	.db #0x6B	; 107	'k'
   20B9 6B                  234 	.db #0x6B	; 107	'k'
   20BA 6B                  235 	.db #0x6B	; 107	'k'
   20BB 6B                  236 	.db #0x6B	; 107	'k'
   20BC 6B                  237 	.db #0x6B	; 107	'k'
   20BD 6B                  238 	.db #0x6B	; 107	'k'
   20BE 6B                  239 	.db #0x6B	; 107	'k'
   20BF 6B                  240 	.db #0x6B	; 107	'k'
   20C0 67                  241 	.db #0x67	; 103	'g'
   20C1 67                  242 	.db #0x67	; 103	'g'
   20C2 6B                  243 	.db #0x6B	; 107	'k'
   20C3 6B                  244 	.db #0x6B	; 107	'k'
   20C4 6D                  245 	.db #0x6D	; 109	'm'
   20C5 6D                  246 	.db #0x6D	; 109	'm'
   20C6 A6                  247 	.db #0xA6	; 166
   20C7 E0                  248 	.db #0xE0	; 224
   20C8 00                  249 	.db #0x00	; 0
   20C9 00                  250 	.db #0x00	; 0
   20CA 01                  251 	.db #0x01	; 1
   20CB 67                  252 	.db #0x67	; 103	'g'
   20CC 67                  253 	.db #0x67	; 103	'g'
   20CD 67                  254 	.db #0x67	; 103	'g'
   20CE 67                  255 	.db #0x67	; 103	'g'
   20CF 67                  256 	.db #0x67	; 103	'g'
   20D0 67                  257 	.db #0x67	; 103	'g'
   20D1 67                  258 	.db #0x67	; 103	'g'
   20D2 67                  259 	.db #0x67	; 103	'g'
   20D3 67                  260 	.db #0x67	; 103	'g'
   20D4 67                  261 	.db #0x67	; 103	'g'
   20D5 67                  262 	.db #0x67	; 103	'g'
   20D6 67                  263 	.db #0x67	; 103	'g'
   20D7 67                  264 	.db #0x67	; 103	'g'
   20D8 67                  265 	.db #0x67	; 103	'g'
   20D9 67                  266 	.db #0x67	; 103	'g'
   20DA 6B                  267 	.db #0x6B	; 107	'k'
   20DB 6B                  268 	.db #0x6B	; 107	'k'
   20DC 6B                  269 	.db #0x6B	; 107	'k'
   20DD 6B                  270 	.db #0x6B	; 107	'k'
   20DE 6B                  271 	.db #0x6B	; 107	'k'
   20DF 6B                  272 	.db #0x6B	; 107	'k'
   20E0 6B                  273 	.db #0x6B	; 107	'k'
   20E1 6B                  274 	.db #0x6B	; 107	'k'
   20E2 6B                  275 	.db #0x6B	; 107	'k'
   20E3 6B                  276 	.db #0x6B	; 107	'k'
   20E4 6B                  277 	.db #0x6B	; 107	'k'
   20E5 6B                  278 	.db #0x6B	; 107	'k'
   20E6 6B                  279 	.db #0x6B	; 107	'k'
   20E7 6B                  280 	.db #0x6B	; 107	'k'
   20E8 6B                  281 	.db #0x6B	; 107	'k'
   20E9 67                  282 	.db #0x67	; 103	'g'
   20EA 67                  283 	.db #0x67	; 103	'g'
   20EB 67                  284 	.db #0x67	; 103	'g'
   20EC 67                  285 	.db #0x67	; 103	'g'
   20ED 67                  286 	.db #0x67	; 103	'g'
   20EE 67                  287 	.db #0x67	; 103	'g'
   20EF 67                  288 	.db #0x67	; 103	'g'
   20F0 67                  289 	.db #0x67	; 103	'g'
   20F1 67                  290 	.db #0x67	; 103	'g'
   20F2 67                  291 	.db #0x67	; 103	'g'
   20F3 67                  292 	.db #0x67	; 103	'g'
   20F4 67                  293 	.db #0x67	; 103	'g'
   20F5 67                  294 	.db #0x67	; 103	'g'
   20F6 67                  295 	.db #0x67	; 103	'g'
   20F7 67                  296 	.db #0x67	; 103	'g'
   20F8 67                  297 	.db #0x67	; 103	'g'
   20F9 67                  298 	.db #0x67	; 103	'g'
   20FA 6B                  299 	.db #0x6B	; 107	'k'
   20FB 6B                  300 	.db #0x6B	; 107	'k'
   20FC 6B                  301 	.db #0x6B	; 107	'k'
   20FD 6B                  302 	.db #0x6B	; 107	'k'
   20FE 6B                  303 	.db #0x6B	; 107	'k'
   20FF 6B                  304 	.db #0x6B	; 107	'k'
   2100 6B                  305 	.db #0x6B	; 107	'k'
   2101 6B                  306 	.db #0x6B	; 107	'k'
   2102 6B                  307 	.db #0x6B	; 107	'k'
   2103 6B                  308 	.db #0x6B	; 107	'k'
   2104 67                  309 	.db #0x67	; 103	'g'
   2105 67                  310 	.db #0x67	; 103	'g'
   2106 6B                  311 	.db #0x6B	; 107	'k'
   2107 6B                  312 	.db #0x6B	; 107	'k'
   2108 6D                  313 	.db #0x6D	; 109	'm'
   2109 6D                  314 	.db #0x6D	; 109	'm'
