                              1 ;--------------------------------------------------------
                              2 ; File Created by SDCC : free open source ANSI-C Compiler
                              3 ; Version 3.5.4 #9329 (CYGWIN)
                              4 ; This file was generated Fri Oct 23 11:40:25 2015
                              5 ;--------------------------------------------------------
                              6 	.module spritePoli
                              7 	.optsdcc -mz80
                              8 	
                              9 ;--------------------------------------------------------
                             10 ; Public variables in this module
                             11 ;--------------------------------------------------------
                             12 	.globl _poli
                             13 	.globl _poli_tileset
                             14 ;--------------------------------------------------------
                             15 ; special function registers
                             16 ;--------------------------------------------------------
                             17 ;--------------------------------------------------------
                             18 ; ram data
                             19 ;--------------------------------------------------------
                             20 	.area _DATA
                             21 ;--------------------------------------------------------
                             22 ; ram data
                             23 ;--------------------------------------------------------
                             24 	.area _INITIALIZED
                             25 ;--------------------------------------------------------
                             26 ; absolute external ram data
                             27 ;--------------------------------------------------------
                             28 	.area _DABS (ABS)
                             29 ;--------------------------------------------------------
                             30 ; global & static initialisations
                             31 ;--------------------------------------------------------
                             32 	.area _HOME
                             33 	.area _GSINIT
                             34 	.area _GSFINAL
                             35 	.area _GSINIT
                             36 ;--------------------------------------------------------
                             37 ; Home
                             38 ;--------------------------------------------------------
                             39 	.area _HOME
                             40 	.area _HOME
                             41 ;--------------------------------------------------------
                             42 ; code
                             43 ;--------------------------------------------------------
                             44 	.area _CODE
                             45 	.area _CODE
   0000                      46 _poli_tileset:
   0000r02r00                47 	.dw _poli
   0002                      48 _poli:
   0002 3C                   49 	.db #0x3C	; 60
   0003 3C                   50 	.db #0x3C	; 60
   0004 28                   51 	.db #0x28	; 40
   0005 00                   52 	.db #0x00	; 0
   0006 00                   53 	.db #0x00	; 0
   0007 00                   54 	.db #0x00	; 0
   0008 00                   55 	.db #0x00	; 0
   0009 14                   56 	.db #0x14	; 20
   000A 3C                   57 	.db #0x3C	; 60
   000B 3C                   58 	.db #0x3C	; 60
   000C 3C                   59 	.db #0x3C	; 60
   000D 3C                   60 	.db #0x3C	; 60
   000E 54                   61 	.db #0x54	; 84	'T'
   000F FC                   62 	.db #0xFC	; 252
   0010 FC                   63 	.db #0xFC	; 252
   0011 FC                   64 	.db #0xFC	; 252
   0012 FC                   65 	.db #0xFC	; 252
   0013 A8                   66 	.db #0xA8	; 168
   0014 3C                   67 	.db #0x3C	; 60
   0015 3C                   68 	.db #0x3C	; 60
   0016 3C                   69 	.db #0x3C	; 60
   0017 28                   70 	.db #0x28	; 40
   0018 54                   71 	.db #0x54	; 84	'T'
   0019 FC                   72 	.db #0xFC	; 252
   001A FC                   73 	.db #0xFC	; 252
   001B FC                   74 	.db #0xFC	; 252
   001C FC                   75 	.db #0xFC	; 252
   001D A8                   76 	.db #0xA8	; 168
   001E 14                   77 	.db #0x14	; 20
   001F 3C                   78 	.db #0x3C	; 60
   0020 3C                   79 	.db #0x3C	; 60
   0021 28                   80 	.db #0x28	; 40
   0022 FC                   81 	.db #0xFC	; 252
   0023 00                   82 	.db #0x00	; 0
   0024 00                   83 	.db #0x00	; 0
   0025 00                   84 	.db #0x00	; 0
   0026 00                   85 	.db #0x00	; 0
   0027 FC                   86 	.db #0xFC	; 252
   0028 14                   87 	.db #0x14	; 20
   0029 3C                   88 	.db #0x3C	; 60
   002A 3C                   89 	.db #0x3C	; 60
   002B 28                   90 	.db #0x28	; 40
   002C A8                   91 	.db #0xA8	; 168
   002D FC                   92 	.db #0xFC	; 252
   002E FC                   93 	.db #0xFC	; 252
   002F FC                   94 	.db #0xFC	; 252
   0030 FC                   95 	.db #0xFC	; 252
   0031 54                   96 	.db #0x54	; 84	'T'
   0032 14                   97 	.db #0x14	; 20
   0033 3C                   98 	.db #0x3C	; 60
   0034 3C                   99 	.db #0x3C	; 60
   0035 28                  100 	.db #0x28	; 40
   0036 A8                  101 	.db #0xA8	; 168
   0037 FC                  102 	.db #0xFC	; 252
   0038 FC                  103 	.db #0xFC	; 252
   0039 FC                  104 	.db #0xFC	; 252
   003A FC                  105 	.db #0xFC	; 252
   003B 54                  106 	.db #0x54	; 84	'T'
   003C 14                  107 	.db #0x14	; 20
   003D 3C                  108 	.db #0x3C	; 60
   003E 3C                  109 	.db #0x3C	; 60
   003F 28                  110 	.db #0x28	; 40
   0040 A8                  111 	.db #0xA8	; 168
   0041 00                  112 	.db #0x00	; 0
   0042 00                  113 	.db #0x00	; 0
   0043 00                  114 	.db #0x00	; 0
   0044 00                  115 	.db #0x00	; 0
   0045 54                  116 	.db #0x54	; 84	'T'
   0046 14                  117 	.db #0x14	; 20
   0047 3C                  118 	.db #0x3C	; 60
   0048 3C                  119 	.db #0x3C	; 60
   0049 3C                  120 	.db #0x3C	; 60
   004A 40                  121 	.db #0x40	; 64
   004B 80                  122 	.db #0x80	; 128
   004C 40                  123 	.db #0x40	; 64
   004D 80                  124 	.db #0x80	; 128
   004E 40                  125 	.db #0x40	; 64
   004F 80                  126 	.db #0x80	; 128
   0050 3C                  127 	.db #0x3C	; 60
   0051 3C                  128 	.db #0x3C	; 60
   0052 3C                  129 	.db #0x3C	; 60
   0053 3C                  130 	.db #0x3C	; 60
   0054 40                  131 	.db #0x40	; 64
   0055 80                  132 	.db #0x80	; 128
   0056 40                  133 	.db #0x40	; 64
   0057 80                  134 	.db #0x80	; 128
   0058 40                  135 	.db #0x40	; 64
   0059 80                  136 	.db #0x80	; 128
   005A 3C                  137 	.db #0x3C	; 60
   005B 3C                  138 	.db #0x3C	; 60
   005C 3C                  139 	.db #0x3C	; 60
   005D 3C                  140 	.db #0x3C	; 60
   005E 28                  141 	.db #0x28	; 40
   005F C0                  142 	.db #0xC0	; 192
   0060 C0                  143 	.db #0xC0	; 192
   0061 C0                  144 	.db #0xC0	; 192
   0062 C0                  145 	.db #0xC0	; 192
   0063 14                  146 	.db #0x14	; 20
   0064 3C                  147 	.db #0x3C	; 60
   0065 3C                  148 	.db #0x3C	; 60
   0066 3C                  149 	.db #0x3C	; 60
   0067 3C                  150 	.db #0x3C	; 60
   0068 00                  151 	.db #0x00	; 0
   0069 00                  152 	.db #0x00	; 0
   006A 00                  153 	.db #0x00	; 0
   006B 00                  154 	.db #0x00	; 0
   006C 00                  155 	.db #0x00	; 0
   006D 00                  156 	.db #0x00	; 0
   006E 3C                  157 	.db #0x3C	; 60
   006F 3C                  158 	.db #0x3C	; 60
   0070 3C                  159 	.db #0x3C	; 60
   0071 28                  160 	.db #0x28	; 40
   0072 54                  161 	.db #0x54	; 84	'T'
   0073 FC                  162 	.db #0xFC	; 252
   0074 FC                  163 	.db #0xFC	; 252
   0075 FC                  164 	.db #0xFC	; 252
   0076 A8                  165 	.db #0xA8	; 168
   0077 00                  166 	.db #0x00	; 0
   0078 00                  167 	.db #0x00	; 0
   0079 3C                  168 	.db #0x3C	; 60
   007A 28                  169 	.db #0x28	; 40
   007B 00                  170 	.db #0x00	; 0
   007C 00                  171 	.db #0x00	; 0
   007D 54                  172 	.db #0x54	; 84	'T'
   007E FC                  173 	.db #0xFC	; 252
   007F FC                  174 	.db #0xFC	; 252
   0080 A8                  175 	.db #0xA8	; 168
   0081 C0                  176 	.db #0xC0	; 192
   0082 80                  177 	.db #0x80	; 128
   0083 3C                  178 	.db #0x3C	; 60
   0084 28                  179 	.db #0x28	; 40
   0085 C0                  180 	.db #0xC0	; 192
   0086 C0                  181 	.db #0xC0	; 192
   0087 54                  182 	.db #0x54	; 84	'T'
   0088 FC                  183 	.db #0xFC	; 252
   0089 FC                  184 	.db #0xFC	; 252
   008A A8                  185 	.db #0xA8	; 168
   008B C0                  186 	.db #0xC0	; 192
   008C 80                  187 	.db #0x80	; 128
   008D 3C                  188 	.db #0x3C	; 60
   008E 28                  189 	.db #0x28	; 40
   008F C0                  190 	.db #0xC0	; 192
   0090 C0                  191 	.db #0xC0	; 192
   0091 54                  192 	.db #0x54	; 84	'T'
   0092 FC                  193 	.db #0xFC	; 252
   0093 FC                  194 	.db #0xFC	; 252
   0094 A8                  195 	.db #0xA8	; 168
   0095 00                  196 	.db #0x00	; 0
   0096 00                  197 	.db #0x00	; 0
   0097 3C                  198 	.db #0x3C	; 60
   0098 28                  199 	.db #0x28	; 40
   0099 00                  200 	.db #0x00	; 0
   009A 00                  201 	.db #0x00	; 0
   009B 54                  202 	.db #0x54	; 84	'T'
   009C A8                  203 	.db #0xA8	; 168
   009D FC                  204 	.db #0xFC	; 252
   009E A8                  205 	.db #0xA8	; 168
   009F 14                  206 	.db #0x14	; 20
   00A0 3C                  207 	.db #0x3C	; 60
   00A1 3C                  208 	.db #0x3C	; 60
   00A2 3C                  209 	.db #0x3C	; 60
   00A3 3C                  210 	.db #0x3C	; 60
   00A4 3C                  211 	.db #0x3C	; 60
   00A5 54                  212 	.db #0x54	; 84	'T'
   00A6 A8                  213 	.db #0xA8	; 168
   00A7 FC                  214 	.db #0xFC	; 252
   00A8 A8                  215 	.db #0xA8	; 168
   00A9 14                  216 	.db #0x14	; 20
   00AA 3C                  217 	.db #0x3C	; 60
   00AB 3C                  218 	.db #0x3C	; 60
   00AC 3C                  219 	.db #0x3C	; 60
   00AD 3C                  220 	.db #0x3C	; 60
   00AE 3C                  221 	.db #0x3C	; 60
   00AF 28                  222 	.db #0x28	; 40
   00B0 A8                  223 	.db #0xA8	; 168
   00B1 FC                  224 	.db #0xFC	; 252
   00B2 A8                  225 	.db #0xA8	; 168
   00B3 3C                  226 	.db #0x3C	; 60
   00B4 3C                  227 	.db #0x3C	; 60
   00B5 3C                  228 	.db #0x3C	; 60
   00B6 3C                  229 	.db #0x3C	; 60
   00B7 3C                  230 	.db #0x3C	; 60
   00B8 3C                  231 	.db #0x3C	; 60
   00B9 3C                  232 	.db #0x3C	; 60
   00BA 00                  233 	.db #0x00	; 0
   00BB FC                  234 	.db #0xFC	; 252
   00BC A8                  235 	.db #0xA8	; 168
   00BD 3C                  236 	.db #0x3C	; 60
   00BE 3C                  237 	.db #0x3C	; 60
   00BF 3C                  238 	.db #0x3C	; 60
   00C0 3C                  239 	.db #0x3C	; 60
   00C1 3C                  240 	.db #0x3C	; 60
   00C2 3C                  241 	.db #0x3C	; 60
   00C3 3C                  242 	.db #0x3C	; 60
   00C4 3C                  243 	.db #0x3C	; 60
   00C5 00                  244 	.db #0x00	; 0
   00C6 14                  245 	.db #0x14	; 20
   00C7 3C                  246 	.db #0x3C	; 60
   00C8 3C                  247 	.db #0x3C	; 60
   00C9 3C                  248 	.db #0x3C	; 60
                            249 	.area _INITIALIZER
                            250 	.area _CABS (ABS)
