                              1 ;--------------------------------------------------------
                              2 ; File Created by SDCC : free open source ANSI-C Compiler
                              3 ; Version 3.5.4 #9329 (CYGWIN)
                              4 ; This file was generated Fri Oct 23 11:40:25 2015
                              5 ;--------------------------------------------------------
                              6 	.module zonaVision
                              7 	.optsdcc -mz80
                              8 	
                              9 ;--------------------------------------------------------
                             10 ; Public variables in this module
                             11 ;--------------------------------------------------------
                             12 	.globl _visionzone
                             13 	.globl _g_tile_tileset_vz
                             14 ;--------------------------------------------------------
                             15 ; special function registers
                             16 ;--------------------------------------------------------
                             17 ;--------------------------------------------------------
                             18 ; ram data
                             19 ;--------------------------------------------------------
                             20 	.area _DATA
                             21 ;--------------------------------------------------------
                             22 ; ram data
                             23 ;--------------------------------------------------------
                             24 	.area _INITIALIZED
                             25 ;--------------------------------------------------------
                             26 ; absolute external ram data
                             27 ;--------------------------------------------------------
                             28 	.area _DABS (ABS)
                             29 ;--------------------------------------------------------
                             30 ; global & static initialisations
                             31 ;--------------------------------------------------------
                             32 	.area _HOME
                             33 	.area _GSINIT
                             34 	.area _GSFINAL
                             35 	.area _GSINIT
                             36 ;--------------------------------------------------------
                             37 ; Home
                             38 ;--------------------------------------------------------
                             39 	.area _HOME
                             40 	.area _HOME
                             41 ;--------------------------------------------------------
                             42 ; code
                             43 ;--------------------------------------------------------
                             44 	.area _CODE
                             45 	.area _CODE
   0000                      46 _g_tile_tileset_vz:
   0000r02r00                47 	.dw _visionzone
   0002                      48 _visionzone:
   0002 0C                   49 	.db #0x0C	; 12
   0003 0C                   50 	.db #0x0C	; 12
   0004 0C                   51 	.db #0x0C	; 12
   0005 0C                   52 	.db #0x0C	; 12
   0006 0C                   53 	.db #0x0C	; 12
   0007 0C                   54 	.db #0x0C	; 12
   0008 0C                   55 	.db #0x0C	; 12
   0009 0C                   56 	.db #0x0C	; 12
   000A 0C                   57 	.db #0x0C	; 12
   000B 0C                   58 	.db #0x0C	; 12
   000C 0C                   59 	.db #0x0C	; 12
   000D 0C                   60 	.db #0x0C	; 12
   000E 0C                   61 	.db #0x0C	; 12
   000F 0C                   62 	.db #0x0C	; 12
   0010 0C                   63 	.db #0x0C	; 12
   0011 0C                   64 	.db #0x0C	; 12
   0012 0C                   65 	.db #0x0C	; 12
   0013 0C                   66 	.db #0x0C	; 12
   0014 0C                   67 	.db #0x0C	; 12
   0015 0C                   68 	.db #0x0C	; 12
   0016 0C                   69 	.db #0x0C	; 12
   0017 0C                   70 	.db #0x0C	; 12
   0018 0C                   71 	.db #0x0C	; 12
   0019 0C                   72 	.db #0x0C	; 12
   001A 0C                   73 	.db #0x0C	; 12
   001B 0C                   74 	.db #0x0C	; 12
   001C 0C                   75 	.db #0x0C	; 12
   001D 0C                   76 	.db #0x0C	; 12
   001E 0C                   77 	.db #0x0C	; 12
   001F 0C                   78 	.db #0x0C	; 12
   0020 0C                   79 	.db #0x0C	; 12
   0021 0C                   80 	.db #0x0C	; 12
   0022 0C                   81 	.db #0x0C	; 12
   0023 0C                   82 	.db #0x0C	; 12
   0024 0C                   83 	.db #0x0C	; 12
   0025 0C                   84 	.db #0x0C	; 12
   0026 0C                   85 	.db #0x0C	; 12
   0027 0C                   86 	.db #0x0C	; 12
   0028 0C                   87 	.db #0x0C	; 12
   0029 0C                   88 	.db #0x0C	; 12
   002A 0C                   89 	.db #0x0C	; 12
   002B 0C                   90 	.db #0x0C	; 12
   002C 0C                   91 	.db #0x0C	; 12
   002D 0C                   92 	.db #0x0C	; 12
   002E 0C                   93 	.db #0x0C	; 12
   002F 0C                   94 	.db #0x0C	; 12
   0030 0C                   95 	.db #0x0C	; 12
   0031 0C                   96 	.db #0x0C	; 12
   0032 0C                   97 	.db #0x0C	; 12
   0033 0C                   98 	.db #0x0C	; 12
   0034 0C                   99 	.db #0x0C	; 12
   0035 0C                  100 	.db #0x0C	; 12
   0036 0C                  101 	.db #0x0C	; 12
   0037 0C                  102 	.db #0x0C	; 12
   0038 0C                  103 	.db #0x0C	; 12
   0039 0C                  104 	.db #0x0C	; 12
   003A 0C                  105 	.db #0x0C	; 12
   003B 0C                  106 	.db #0x0C	; 12
   003C 0C                  107 	.db #0x0C	; 12
   003D 0C                  108 	.db #0x0C	; 12
   003E 0C                  109 	.db #0x0C	; 12
   003F 0C                  110 	.db #0x0C	; 12
   0040 0C                  111 	.db #0x0C	; 12
   0041 0C                  112 	.db #0x0C	; 12
   0042 0C                  113 	.db #0x0C	; 12
   0043 0C                  114 	.db #0x0C	; 12
   0044 0C                  115 	.db #0x0C	; 12
   0045 0C                  116 	.db #0x0C	; 12
   0046 0C                  117 	.db #0x0C	; 12
   0047 0C                  118 	.db #0x0C	; 12
   0048 0C                  119 	.db #0x0C	; 12
   0049 0C                  120 	.db #0x0C	; 12
   004A 0C                  121 	.db #0x0C	; 12
   004B 0C                  122 	.db #0x0C	; 12
   004C 0C                  123 	.db #0x0C	; 12
   004D 0C                  124 	.db #0x0C	; 12
   004E 0C                  125 	.db #0x0C	; 12
   004F 0C                  126 	.db #0x0C	; 12
   0050 0C                  127 	.db #0x0C	; 12
   0051 0C                  128 	.db #0x0C	; 12
   0052 0C                  129 	.db #0x0C	; 12
   0053 0C                  130 	.db #0x0C	; 12
   0054 0C                  131 	.db #0x0C	; 12
   0055 0C                  132 	.db #0x0C	; 12
   0056 0C                  133 	.db #0x0C	; 12
   0057 0C                  134 	.db #0x0C	; 12
   0058 0C                  135 	.db #0x0C	; 12
   0059 0C                  136 	.db #0x0C	; 12
   005A 0C                  137 	.db #0x0C	; 12
   005B 0C                  138 	.db #0x0C	; 12
   005C 0C                  139 	.db #0x0C	; 12
   005D 0C                  140 	.db #0x0C	; 12
   005E 0C                  141 	.db #0x0C	; 12
   005F 0C                  142 	.db #0x0C	; 12
   0060 0C                  143 	.db #0x0C	; 12
   0061 0C                  144 	.db #0x0C	; 12
   0062 0C                  145 	.db #0x0C	; 12
   0063 0C                  146 	.db #0x0C	; 12
   0064 0C                  147 	.db #0x0C	; 12
   0065 0C                  148 	.db #0x0C	; 12
   0066 0C                  149 	.db #0x0C	; 12
   0067 0C                  150 	.db #0x0C	; 12
   0068 0C                  151 	.db #0x0C	; 12
   0069 0C                  152 	.db #0x0C	; 12
   006A 0C                  153 	.db #0x0C	; 12
   006B 0C                  154 	.db #0x0C	; 12
   006C 0C                  155 	.db #0x0C	; 12
   006D 0C                  156 	.db #0x0C	; 12
   006E 0C                  157 	.db #0x0C	; 12
   006F 0C                  158 	.db #0x0C	; 12
   0070 0C                  159 	.db #0x0C	; 12
   0071 0C                  160 	.db #0x0C	; 12
   0072 0C                  161 	.db #0x0C	; 12
   0073 0C                  162 	.db #0x0C	; 12
   0074 0C                  163 	.db #0x0C	; 12
   0075 0C                  164 	.db #0x0C	; 12
   0076 0C                  165 	.db #0x0C	; 12
   0077 0C                  166 	.db #0x0C	; 12
   0078 0C                  167 	.db #0x0C	; 12
   0079 0C                  168 	.db #0x0C	; 12
   007A 0C                  169 	.db #0x0C	; 12
   007B 0C                  170 	.db #0x0C	; 12
   007C 0C                  171 	.db #0x0C	; 12
   007D 0C                  172 	.db #0x0C	; 12
   007E 0C                  173 	.db #0x0C	; 12
   007F 0C                  174 	.db #0x0C	; 12
   0080 0C                  175 	.db #0x0C	; 12
   0081 0C                  176 	.db #0x0C	; 12
   0082 0C                  177 	.db #0x0C	; 12
   0083 0C                  178 	.db #0x0C	; 12
   0084 0C                  179 	.db #0x0C	; 12
   0085 0C                  180 	.db #0x0C	; 12
   0086 0C                  181 	.db #0x0C	; 12
   0087 0C                  182 	.db #0x0C	; 12
   0088 0C                  183 	.db #0x0C	; 12
   0089 0C                  184 	.db #0x0C	; 12
   008A 0C                  185 	.db #0x0C	; 12
   008B 0C                  186 	.db #0x0C	; 12
   008C 0C                  187 	.db #0x0C	; 12
   008D 0C                  188 	.db #0x0C	; 12
   008E 0C                  189 	.db #0x0C	; 12
   008F 0C                  190 	.db #0x0C	; 12
   0090 0C                  191 	.db #0x0C	; 12
   0091 0C                  192 	.db #0x0C	; 12
   0092 0C                  193 	.db #0x0C	; 12
   0093 0C                  194 	.db #0x0C	; 12
   0094 0C                  195 	.db #0x0C	; 12
   0095 0C                  196 	.db #0x0C	; 12
   0096 0C                  197 	.db #0x0C	; 12
   0097 0C                  198 	.db #0x0C	; 12
   0098 0C                  199 	.db #0x0C	; 12
   0099 0C                  200 	.db #0x0C	; 12
   009A 0C                  201 	.db #0x0C	; 12
   009B 0C                  202 	.db #0x0C	; 12
   009C 0C                  203 	.db #0x0C	; 12
   009D 0C                  204 	.db #0x0C	; 12
   009E 0C                  205 	.db #0x0C	; 12
   009F 0C                  206 	.db #0x0C	; 12
   00A0 0C                  207 	.db #0x0C	; 12
   00A1 0C                  208 	.db #0x0C	; 12
   00A2 0C                  209 	.db #0x0C	; 12
   00A3 0C                  210 	.db #0x0C	; 12
   00A4 0C                  211 	.db #0x0C	; 12
   00A5 0C                  212 	.db #0x0C	; 12
   00A6 0C                  213 	.db #0x0C	; 12
   00A7 0C                  214 	.db #0x0C	; 12
   00A8 0C                  215 	.db #0x0C	; 12
   00A9 0C                  216 	.db #0x0C	; 12
   00AA 0C                  217 	.db #0x0C	; 12
   00AB 0C                  218 	.db #0x0C	; 12
   00AC 0C                  219 	.db #0x0C	; 12
   00AD 0C                  220 	.db #0x0C	; 12
   00AE 0C                  221 	.db #0x0C	; 12
   00AF 0C                  222 	.db #0x0C	; 12
   00B0 0C                  223 	.db #0x0C	; 12
   00B1 0C                  224 	.db #0x0C	; 12
   00B2 0C                  225 	.db #0x0C	; 12
   00B3 0C                  226 	.db #0x0C	; 12
   00B4 0C                  227 	.db #0x0C	; 12
   00B5 0C                  228 	.db #0x0C	; 12
   00B6 0C                  229 	.db #0x0C	; 12
   00B7 0C                  230 	.db #0x0C	; 12
   00B8 0C                  231 	.db #0x0C	; 12
   00B9 0C                  232 	.db #0x0C	; 12
   00BA 0C                  233 	.db #0x0C	; 12
   00BB 0C                  234 	.db #0x0C	; 12
   00BC 0C                  235 	.db #0x0C	; 12
   00BD 0C                  236 	.db #0x0C	; 12
   00BE 0C                  237 	.db #0x0C	; 12
   00BF 0C                  238 	.db #0x0C	; 12
   00C0 0C                  239 	.db #0x0C	; 12
   00C1 0C                  240 	.db #0x0C	; 12
   00C2 0C                  241 	.db #0x0C	; 12
   00C3 0C                  242 	.db #0x0C	; 12
   00C4 0C                  243 	.db #0x0C	; 12
   00C5 0C                  244 	.db #0x0C	; 12
   00C6 0C                  245 	.db #0x0C	; 12
   00C7 0C                  246 	.db #0x0C	; 12
   00C8 0C                  247 	.db #0x0C	; 12
   00C9 0C                  248 	.db #0x0C	; 12
   00CA 0C                  249 	.db #0x0C	; 12
   00CB 0C                  250 	.db #0x0C	; 12
   00CC 0C                  251 	.db #0x0C	; 12
   00CD 0C                  252 	.db #0x0C	; 12
   00CE 0C                  253 	.db #0x0C	; 12
   00CF 0C                  254 	.db #0x0C	; 12
   00D0 0C                  255 	.db #0x0C	; 12
   00D1 0C                  256 	.db #0x0C	; 12
   00D2 0C                  257 	.db #0x0C	; 12
   00D3 0C                  258 	.db #0x0C	; 12
   00D4 0C                  259 	.db #0x0C	; 12
   00D5 0C                  260 	.db #0x0C	; 12
   00D6 0C                  261 	.db #0x0C	; 12
   00D7 0C                  262 	.db #0x0C	; 12
   00D8 0C                  263 	.db #0x0C	; 12
   00D9 0C                  264 	.db #0x0C	; 12
   00DA 0C                  265 	.db #0x0C	; 12
   00DB 0C                  266 	.db #0x0C	; 12
   00DC 0C                  267 	.db #0x0C	; 12
   00DD 0C                  268 	.db #0x0C	; 12
   00DE 0C                  269 	.db #0x0C	; 12
   00DF 0C                  270 	.db #0x0C	; 12
   00E0 0C                  271 	.db #0x0C	; 12
   00E1 0C                  272 	.db #0x0C	; 12
   00E2 0C                  273 	.db #0x0C	; 12
   00E3 0C                  274 	.db #0x0C	; 12
   00E4 0C                  275 	.db #0x0C	; 12
   00E5 0C                  276 	.db #0x0C	; 12
   00E6 0C                  277 	.db #0x0C	; 12
   00E7 0C                  278 	.db #0x0C	; 12
   00E8 0C                  279 	.db #0x0C	; 12
   00E9 0C                  280 	.db #0x0C	; 12
   00EA 0C                  281 	.db #0x0C	; 12
   00EB 0C                  282 	.db #0x0C	; 12
   00EC 0C                  283 	.db #0x0C	; 12
   00ED 0C                  284 	.db #0x0C	; 12
   00EE 0C                  285 	.db #0x0C	; 12
   00EF 0C                  286 	.db #0x0C	; 12
   00F0 0C                  287 	.db #0x0C	; 12
   00F1 0C                  288 	.db #0x0C	; 12
   00F2 0C                  289 	.db #0x0C	; 12
   00F3 0C                  290 	.db #0x0C	; 12
   00F4 0C                  291 	.db #0x0C	; 12
   00F5 0C                  292 	.db #0x0C	; 12
   00F6 0C                  293 	.db #0x0C	; 12
   00F7 0C                  294 	.db #0x0C	; 12
   00F8 0C                  295 	.db #0x0C	; 12
   00F9 0C                  296 	.db #0x0C	; 12
   00FA 0C                  297 	.db #0x0C	; 12
   00FB 0C                  298 	.db #0x0C	; 12
   00FC 0C                  299 	.db #0x0C	; 12
   00FD 0C                  300 	.db #0x0C	; 12
   00FE 0C                  301 	.db #0x0C	; 12
   00FF 0C                  302 	.db #0x0C	; 12
   0100 0C                  303 	.db #0x0C	; 12
   0101 0C                  304 	.db #0x0C	; 12
   0102 0C                  305 	.db #0x0C	; 12
   0103 0C                  306 	.db #0x0C	; 12
   0104 0C                  307 	.db #0x0C	; 12
   0105 0C                  308 	.db #0x0C	; 12
   0106 0C                  309 	.db #0x0C	; 12
   0107 0C                  310 	.db #0x0C	; 12
   0108 0C                  311 	.db #0x0C	; 12
   0109 0C                  312 	.db #0x0C	; 12
   010A 0C                  313 	.db #0x0C	; 12
   010B 0C                  314 	.db #0x0C	; 12
   010C 0C                  315 	.db #0x0C	; 12
   010D 0C                  316 	.db #0x0C	; 12
   010E 0C                  317 	.db #0x0C	; 12
   010F 0C                  318 	.db #0x0C	; 12
   0110 0C                  319 	.db #0x0C	; 12
   0111 0C                  320 	.db #0x0C	; 12
   0112 0C                  321 	.db #0x0C	; 12
   0113 0C                  322 	.db #0x0C	; 12
   0114 0C                  323 	.db #0x0C	; 12
   0115 0C                  324 	.db #0x0C	; 12
   0116 0C                  325 	.db #0x0C	; 12
   0117 0C                  326 	.db #0x0C	; 12
   0118 0C                  327 	.db #0x0C	; 12
   0119 0C                  328 	.db #0x0C	; 12
   011A 0C                  329 	.db #0x0C	; 12
   011B 0C                  330 	.db #0x0C	; 12
   011C 0C                  331 	.db #0x0C	; 12
   011D 0C                  332 	.db #0x0C	; 12
   011E 0C                  333 	.db #0x0C	; 12
   011F 0C                  334 	.db #0x0C	; 12
   0120 0C                  335 	.db #0x0C	; 12
   0121 0C                  336 	.db #0x0C	; 12
   0122 0C                  337 	.db #0x0C	; 12
   0123 0C                  338 	.db #0x0C	; 12
   0124 0C                  339 	.db #0x0C	; 12
   0125 0C                  340 	.db #0x0C	; 12
   0126 0C                  341 	.db #0x0C	; 12
   0127 0C                  342 	.db #0x0C	; 12
   0128 0C                  343 	.db #0x0C	; 12
   0129 0C                  344 	.db #0x0C	; 12
   012A 0C                  345 	.db #0x0C	; 12
   012B 0C                  346 	.db #0x0C	; 12
   012C 0C                  347 	.db #0x0C	; 12
   012D 0C                  348 	.db #0x0C	; 12
   012E 0C                  349 	.db #0x0C	; 12
   012F 0C                  350 	.db #0x0C	; 12
   0130 0C                  351 	.db #0x0C	; 12
   0131 0C                  352 	.db #0x0C	; 12
   0132 0C                  353 	.db #0x0C	; 12
   0133 0C                  354 	.db #0x0C	; 12
   0134 0C                  355 	.db #0x0C	; 12
   0135 0C                  356 	.db #0x0C	; 12
   0136 0C                  357 	.db #0x0C	; 12
   0137 0C                  358 	.db #0x0C	; 12
   0138 0C                  359 	.db #0x0C	; 12
   0139 0C                  360 	.db #0x0C	; 12
   013A 0C                  361 	.db #0x0C	; 12
   013B 0C                  362 	.db #0x0C	; 12
   013C 0C                  363 	.db #0x0C	; 12
   013D 0C                  364 	.db #0x0C	; 12
   013E 0C                  365 	.db #0x0C	; 12
   013F 0C                  366 	.db #0x0C	; 12
   0140 0C                  367 	.db #0x0C	; 12
   0141 0C                  368 	.db #0x0C	; 12
   0142 0C                  369 	.db #0x0C	; 12
   0143 0C                  370 	.db #0x0C	; 12
   0144 0C                  371 	.db #0x0C	; 12
   0145 0C                  372 	.db #0x0C	; 12
   0146 0C                  373 	.db #0x0C	; 12
   0147 0C                  374 	.db #0x0C	; 12
   0148 0C                  375 	.db #0x0C	; 12
   0149 0C                  376 	.db #0x0C	; 12
   014A 0C                  377 	.db #0x0C	; 12
   014B 0C                  378 	.db #0x0C	; 12
   014C 0C                  379 	.db #0x0C	; 12
   014D 0C                  380 	.db #0x0C	; 12
   014E 0C                  381 	.db #0x0C	; 12
   014F 0C                  382 	.db #0x0C	; 12
   0150 0C                  383 	.db #0x0C	; 12
   0151 0C                  384 	.db #0x0C	; 12
   0152 0C                  385 	.db #0x0C	; 12
   0153 0C                  386 	.db #0x0C	; 12
   0154 0C                  387 	.db #0x0C	; 12
   0155 0C                  388 	.db #0x0C	; 12
   0156 0C                  389 	.db #0x0C	; 12
   0157 0C                  390 	.db #0x0C	; 12
   0158 0C                  391 	.db #0x0C	; 12
   0159 0C                  392 	.db #0x0C	; 12
   015A 0C                  393 	.db #0x0C	; 12
   015B 0C                  394 	.db #0x0C	; 12
   015C 0C                  395 	.db #0x0C	; 12
   015D 0C                  396 	.db #0x0C	; 12
   015E 0C                  397 	.db #0x0C	; 12
   015F 0C                  398 	.db #0x0C	; 12
   0160 0C                  399 	.db #0x0C	; 12
   0161 0C                  400 	.db #0x0C	; 12
   0162 0C                  401 	.db #0x0C	; 12
   0163 0C                  402 	.db #0x0C	; 12
   0164 0C                  403 	.db #0x0C	; 12
   0165 0C                  404 	.db #0x0C	; 12
   0166 0C                  405 	.db #0x0C	; 12
   0167 0C                  406 	.db #0x0C	; 12
   0168 0C                  407 	.db #0x0C	; 12
   0169 0C                  408 	.db #0x0C	; 12
   016A 0C                  409 	.db #0x0C	; 12
   016B 0C                  410 	.db #0x0C	; 12
   016C 0C                  411 	.db #0x0C	; 12
   016D 0C                  412 	.db #0x0C	; 12
   016E 0C                  413 	.db #0x0C	; 12
   016F 0C                  414 	.db #0x0C	; 12
   0170 0C                  415 	.db #0x0C	; 12
   0171 0C                  416 	.db #0x0C	; 12
   0172 0C                  417 	.db #0x0C	; 12
   0173 0C                  418 	.db #0x0C	; 12
   0174 0C                  419 	.db #0x0C	; 12
   0175 0C                  420 	.db #0x0C	; 12
   0176 0C                  421 	.db #0x0C	; 12
   0177 0C                  422 	.db #0x0C	; 12
   0178 0C                  423 	.db #0x0C	; 12
   0179 0C                  424 	.db #0x0C	; 12
   017A 0C                  425 	.db #0x0C	; 12
   017B 0C                  426 	.db #0x0C	; 12
   017C 0C                  427 	.db #0x0C	; 12
   017D 0C                  428 	.db #0x0C	; 12
   017E 0C                  429 	.db #0x0C	; 12
   017F 0C                  430 	.db #0x0C	; 12
   0180 0C                  431 	.db #0x0C	; 12
   0181 0C                  432 	.db #0x0C	; 12
   0182 0C                  433 	.db #0x0C	; 12
   0183 0C                  434 	.db #0x0C	; 12
   0184 0C                  435 	.db #0x0C	; 12
   0185 0C                  436 	.db #0x0C	; 12
   0186 0C                  437 	.db #0x0C	; 12
   0187 0C                  438 	.db #0x0C	; 12
   0188 0C                  439 	.db #0x0C	; 12
   0189 0C                  440 	.db #0x0C	; 12
   018A 0C                  441 	.db #0x0C	; 12
   018B 0C                  442 	.db #0x0C	; 12
   018C 0C                  443 	.db #0x0C	; 12
   018D 0C                  444 	.db #0x0C	; 12
   018E 0C                  445 	.db #0x0C	; 12
   018F 0C                  446 	.db #0x0C	; 12
   0190 0C                  447 	.db #0x0C	; 12
   0191 0C                  448 	.db #0x0C	; 12
   0192 0C                  449 	.db #0x0C	; 12
   0193 0C                  450 	.db #0x0C	; 12
   0194 0C                  451 	.db #0x0C	; 12
   0195 0C                  452 	.db #0x0C	; 12
   0196 0C                  453 	.db #0x0C	; 12
   0197 0C                  454 	.db #0x0C	; 12
   0198 0C                  455 	.db #0x0C	; 12
   0199 0C                  456 	.db #0x0C	; 12
   019A 0C                  457 	.db #0x0C	; 12
   019B 0C                  458 	.db #0x0C	; 12
   019C 0C                  459 	.db #0x0C	; 12
   019D 0C                  460 	.db #0x0C	; 12
   019E 0C                  461 	.db #0x0C	; 12
   019F 0C                  462 	.db #0x0C	; 12
   01A0 0C                  463 	.db #0x0C	; 12
   01A1 0C                  464 	.db #0x0C	; 12
   01A2 0C                  465 	.db #0x0C	; 12
   01A3 0C                  466 	.db #0x0C	; 12
   01A4 0C                  467 	.db #0x0C	; 12
   01A5 0C                  468 	.db #0x0C	; 12
   01A6 0C                  469 	.db #0x0C	; 12
   01A7 0C                  470 	.db #0x0C	; 12
   01A8 0C                  471 	.db #0x0C	; 12
   01A9 0C                  472 	.db #0x0C	; 12
   01AA 0C                  473 	.db #0x0C	; 12
   01AB 0C                  474 	.db #0x0C	; 12
   01AC 0C                  475 	.db #0x0C	; 12
   01AD 0C                  476 	.db #0x0C	; 12
   01AE 0C                  477 	.db #0x0C	; 12
   01AF 0C                  478 	.db #0x0C	; 12
   01B0 0C                  479 	.db #0x0C	; 12
   01B1 0C                  480 	.db #0x0C	; 12
   01B2 0C                  481 	.db #0x0C	; 12
   01B3 0C                  482 	.db #0x0C	; 12
   01B4 0C                  483 	.db #0x0C	; 12
   01B5 0C                  484 	.db #0x0C	; 12
   01B6 0C                  485 	.db #0x0C	; 12
   01B7 0C                  486 	.db #0x0C	; 12
   01B8 0C                  487 	.db #0x0C	; 12
   01B9 0C                  488 	.db #0x0C	; 12
   01BA 0C                  489 	.db #0x0C	; 12
   01BB 0C                  490 	.db #0x0C	; 12
   01BC 0C                  491 	.db #0x0C	; 12
   01BD 0C                  492 	.db #0x0C	; 12
   01BE 0C                  493 	.db #0x0C	; 12
   01BF 0C                  494 	.db #0x0C	; 12
   01C0 0C                  495 	.db #0x0C	; 12
   01C1 0C                  496 	.db #0x0C	; 12
   01C2 0C                  497 	.db #0x0C	; 12
   01C3 0C                  498 	.db #0x0C	; 12
   01C4 0C                  499 	.db #0x0C	; 12
   01C5 0C                  500 	.db #0x0C	; 12
   01C6 0C                  501 	.db #0x0C	; 12
   01C7 0C                  502 	.db #0x0C	; 12
   01C8 0C                  503 	.db #0x0C	; 12
   01C9 0C                  504 	.db #0x0C	; 12
   01CA 0C                  505 	.db #0x0C	; 12
   01CB 0C                  506 	.db #0x0C	; 12
   01CC 0C                  507 	.db #0x0C	; 12
   01CD 0C                  508 	.db #0x0C	; 12
   01CE 0C                  509 	.db #0x0C	; 12
   01CF 0C                  510 	.db #0x0C	; 12
   01D0 0C                  511 	.db #0x0C	; 12
   01D1 0C                  512 	.db #0x0C	; 12
   01D2 0C                  513 	.db #0x0C	; 12
   01D3 0C                  514 	.db #0x0C	; 12
   01D4 0C                  515 	.db #0x0C	; 12
   01D5 0C                  516 	.db #0x0C	; 12
   01D6 0C                  517 	.db #0x0C	; 12
   01D7 0C                  518 	.db #0x0C	; 12
   01D8 0C                  519 	.db #0x0C	; 12
   01D9 0C                  520 	.db #0x0C	; 12
   01DA 0C                  521 	.db #0x0C	; 12
   01DB 0C                  522 	.db #0x0C	; 12
   01DC 0C                  523 	.db #0x0C	; 12
   01DD 0C                  524 	.db #0x0C	; 12
   01DE 0C                  525 	.db #0x0C	; 12
   01DF 0C                  526 	.db #0x0C	; 12
   01E0 0C                  527 	.db #0x0C	; 12
   01E1 0C                  528 	.db #0x0C	; 12
   01E2 0C                  529 	.db #0x0C	; 12
   01E3 0C                  530 	.db #0x0C	; 12
   01E4 0C                  531 	.db #0x0C	; 12
   01E5 0C                  532 	.db #0x0C	; 12
   01E6 0C                  533 	.db #0x0C	; 12
   01E7 0C                  534 	.db #0x0C	; 12
   01E8 0C                  535 	.db #0x0C	; 12
   01E9 0C                  536 	.db #0x0C	; 12
   01EA 0C                  537 	.db #0x0C	; 12
   01EB 0C                  538 	.db #0x0C	; 12
   01EC 0C                  539 	.db #0x0C	; 12
   01ED 0C                  540 	.db #0x0C	; 12
   01EE 0C                  541 	.db #0x0C	; 12
   01EF 0C                  542 	.db #0x0C	; 12
   01F0 0C                  543 	.db #0x0C	; 12
   01F1 0C                  544 	.db #0x0C	; 12
   01F2 0C                  545 	.db #0x0C	; 12
   01F3 0C                  546 	.db #0x0C	; 12
   01F4 0C                  547 	.db #0x0C	; 12
   01F5 0C                  548 	.db #0x0C	; 12
   01F6 0C                  549 	.db #0x0C	; 12
   01F7 0C                  550 	.db #0x0C	; 12
   01F8 0C                  551 	.db #0x0C	; 12
   01F9 0C                  552 	.db #0x0C	; 12
   01FA 0C                  553 	.db #0x0C	; 12
   01FB 0C                  554 	.db #0x0C	; 12
   01FC 0C                  555 	.db #0x0C	; 12
   01FD 0C                  556 	.db #0x0C	; 12
   01FE 0C                  557 	.db #0x0C	; 12
   01FF 0C                  558 	.db #0x0C	; 12
   0200 0C                  559 	.db #0x0C	; 12
   0201 0C                  560 	.db #0x0C	; 12
                            561 	.area _INITIALIZER
                            562 	.area _CABS (ABS)
